                              1 ;--------------------------------------------------------
                              2 ; File Created by SDCC : free open source ANSI-C Compiler
                              3 ; Version 3.6.8 #9946 (Linux)
                              4 ;--------------------------------------------------------
                              5 	.module audio
                              6 	.optsdcc -mz80
                              7 	
                              8 ;--------------------------------------------------------
                              9 ; Public variables in this module
                             10 ;--------------------------------------------------------
                             11 	.globl _akp_musicPlay
                             12 	.globl _akp_musicInit
                             13 	.globl _i
                             14 	.globl _effets2
                             15 	.globl _effets1
                             16 ;--------------------------------------------------------
                             17 ; special function registers
                             18 ;--------------------------------------------------------
                             19 ;--------------------------------------------------------
                             20 ; ram data
                             21 ;--------------------------------------------------------
                             22 	.area _DATA
   0000                      23 _i::
   0000                      24 	.ds 2
                             25 ;--------------------------------------------------------
                             26 ; ram data
                             27 ;--------------------------------------------------------
                             28 	.area _INITIALIZED
                             29 ;--------------------------------------------------------
                             30 ; absolute external ram data
                             31 ;--------------------------------------------------------
                             32 	.area _DABS (ABS)
                             33 ;--------------------------------------------------------
                             34 ; global & static initialisations
                             35 ;--------------------------------------------------------
                             36 	.area _HOME
                             37 	.area _GSINIT
                             38 	.area _GSFINAL
                             39 	.area _GSINIT
                             40 ;--------------------------------------------------------
                             41 ; Home
                             42 ;--------------------------------------------------------
                             43 	.area _HOME
                             44 	.area _HOME
                             45 ;--------------------------------------------------------
                             46 ; code
                             47 ;--------------------------------------------------------
                             48 	.area _CODE
                             49 ;src/audio.c:51: void akp_musicInit()
                             50 ;	---------------------------------
                             51 ; Function akp_musicInit
                             52 ; ---------------------------------
   0000                      53 _akp_musicInit::
                             54 ;src/audio.c:53: i=i+1;
   0000 FD 21r00r00   [14]   55 	ld	iy, #_i
   0004 FD 34 00      [23]   56 	inc	0 (iy)
   0007 20 03         [12]   57 	jr	NZ,00103$
   0009 FD 34 01      [23]   58 	inc	1 (iy)
   000C                      59 00103$:
                             60 ;src/audio.c:111: __endasm;
                             61 ;;	backup Z80 state
   000C F5            [11]   62 	push	af
   000D C5            [11]   63 	push	bc
   000E D5            [11]   64 	push	de
   000F E5            [11]   65 	push	hl
   0010 DD E5         [15]   66 	push	ix
   0012 FD E5         [15]   67 	push	iy
   0014 D9            [ 4]   68 	exx
   0015 08            [ 4]   69 	ex	af, af' ;; '
   0016 F5            [11]   70 	push	af
   0017 C5            [11]   71 	push	bc
   0018 D5            [11]   72 	push	de
   0019 E5            [11]   73 	push	hl
   001A 01r44r00      [10]   74 	ld	bc,#_effets1 ;; OK
   001D ED 43r44r00   [20]   75 	ld	(#_effets1),bc ;; OK
   0021 03            [ 6]   76 	inc	bc
   0022 03            [ 6]   77 	inc	bc
   0023 11r89r00      [10]   78 	ld	de,#_effets2
   0026 7A            [ 4]   79 	ld	a,d
   0027 02            [ 7]   80 	LD	(bc),a
   0028 03            [ 6]   81 	inc	bc
   0029 7B            [ 4]   82 	ld	a,e
   002A 02            [ 7]   83 	LD	(bc),a
   002B 03            [ 6]   84 	inc	bc
                             85 ;;	AKG6000.BIN/exemple.asm
   002C 01 00 70      [10]   86 	ld	bc,#0x7000
   002F 11r44r00      [10]   87 	ld	de,#_effets1 ;;sfx
   0032 CD 00 60      [17]   88 	call	#0x6000
                             89 ;;	restore Z80 state
   0035 E1            [10]   90 	pop	hl
   0036 D1            [10]   91 	pop	de
   0037 C1            [10]   92 	pop	bc
   0038 F1            [10]   93 	pop	af
   0039 08            [ 4]   94 	ex	af, af' ;; '
   003A D9            [ 4]   95 	exx
   003B FD E1         [14]   96 	pop	iy
   003D DD E1         [14]   97 	pop	ix
   003F E1            [10]   98 	pop	hl
   0040 D1            [10]   99 	pop	de
   0041 C1            [10]  100 	pop	bc
   0042 F1            [10]  101 	pop	af
   0043 C9            [10]  102 	ret
   0044                     103 _effets1:
   0044 00 00               104 	.dw #0x0000
   0046 00 00               105 	.dw #0x0000
   0048 00                  106 	.db #0x00	; 0
   0049 3D                  107 	.db #0x3d	; 61
   004A EF 00               108 	.dw #0x00ef
   004C 39                  109 	.db #0x39	; 57	'9'
   004D EF 00               110 	.dw #0x00ef
   004F 35                  111 	.db #0x35	; 53	'5'
   0050 EF 00               112 	.dw #0x00ef
   0052 31                  113 	.db #0x31	; 49	'1'
   0053 EF 00               114 	.dw #0x00ef
   0055 C7                  115 	.db #0xc7	; 199
   0056 EF 00               116 	.dw #0x00ef
   0058 29                  117 	.db #0x29	; 41
   0059 EF 00               118 	.dw #0x00ef
   005B 25                  119 	.db #0x25	; 37
   005C EF 00               120 	.dw #0x00ef
   005E 21                  121 	.db #0x21	; 33
   005F EF 00               122 	.dw #0x00ef
   0061 1D                  123 	.db #0x1d	; 29
   0062 EF 00               124 	.dw #0x00ef
   0064 19                  125 	.db #0x19	; 25
   0065 EF 00               126 	.dw #0x00ef
   0067 15                  127 	.db #0x15	; 21
   0068 53 01               128 	.dw #0x0153
   006A 11                  129 	.db #0x11	; 17
   006B EF 00               130 	.dw #0x00ef
   006D 0D                  131 	.db #0x0d	; 13
   006E EF 00               132 	.dw #0x00ef
   0070 09                  133 	.db #0x09	; 9
   0071 EF 00               134 	.dw #0x00ef
   0073 05                  135 	.db #0x05	; 5
   0074 EF 00               136 	.dw #0x00ef
   0076 04                  137 	.db #0x04	; 4
   0077 00                  138 	.db #0x00	; 0
   0078 BD                  139 	.db #0xbd	; 189
   0079 01                  140 	.db #0x01	; 1
   007A 5F 00               141 	.dw #0x005f
   007C BD                  142 	.db #0xbd	; 189
   007D 01                  143 	.db #0x01	; 1
   007E 63 00               144 	.dw #0x0063
   0080 B1                  145 	.db #0xb1	; 177
   0081 01                  146 	.db #0x01	; 1
   0082 66 00               147 	.dw #0x0066
   0084 AD                  148 	.db #0xad	; 173
   0085 01                  149 	.db #0x01	; 1
   0086 6A 00               150 	.dw #0x006a
   0088 04                  151 	.db #0x04	; 4
   0089                     152 _effets2:
   0089 00                  153 	.db #0x00	; 0
   008A BD                  154 	.db #0xbd	; 189
   008B 01                  155 	.db #0x01	; 1
   008C 2D 01               156 	.dw #0x012d
   008E BD                  157 	.db #0xbd	; 189
   008F 08                  158 	.db #0x08	; 8
   0090 3F 01               159 	.dw #0x013f
   0092 B9                  160 	.db #0xb9	; 185
   0093 02                  161 	.db #0x02	; 2
   0094 92 01               162 	.dw #0x0192
   0096 B5                  163 	.db #0xb5	; 181
   0097 10                  164 	.db #0x10	; 16
   0098 D5 00               165 	.dw #0x00d5
   009A B1                  166 	.db #0xb1	; 177
   009B 02                  167 	.db #0x02	; 2
   009C E1 00               168 	.dw #0x00e1
   009E AD                  169 	.db #0xad	; 173
   009F 02                  170 	.db #0x02	; 2
   00A0 EF 00               171 	.dw #0x00ef
   00A2 A5                  172 	.db #0xa5	; 165
   00A3 10                  173 	.db #0x10	; 16
   00A4 66 01               174 	.dw #0x0166
   00A6 9D                  175 	.db #0x9d	; 157
   00A7 1F                  176 	.db #0x1f	; 31
   00A8 77 00               177 	.dw #0x0077
   00AA 99                  178 	.db #0x99	; 153
   00AB 07                  179 	.db #0x07	; 7
   00AC 50 00               180 	.dw #0x0050
   00AE 04                  181 	.db #0x04	; 4
                            182 ;src/audio.c:114: void akp_musicPlay()
                            183 ;	---------------------------------
                            184 ; Function akp_musicPlay
                            185 ; ---------------------------------
   00AF                     186 _akp_musicPlay::
                            187 ;src/audio.c:147: __endasm;
                            188 ;;	backup Z80 state
   00AF F5            [11]  189 	push	af
   00B0 C5            [11]  190 	push	bc
   00B1 D5            [11]  191 	push	de
   00B2 E5            [11]  192 	push	hl
   00B3 DD E5         [15]  193 	push	ix
   00B5 FD E5         [15]  194 	push	iy
   00B7 D9            [ 4]  195 	exx
   00B8 08            [ 4]  196 	ex	af, af' ;; '
   00B9 F5            [11]  197 	push	af
   00BA C5            [11]  198 	push	bc
   00BB D5            [11]  199 	push	de
   00BC E5            [11]  200 	push	hl
                            201 ;;	AKG6000.BIN/exemple.asm
   00BD CD 03 60      [17]  202 	call	#0x6003
                            203 ;;	restore Z80 state
   00C0 E1            [10]  204 	pop	hl
   00C1 D1            [10]  205 	pop	de
   00C2 C1            [10]  206 	pop	bc
   00C3 F1            [10]  207 	pop	af
   00C4 08            [ 4]  208 	ex	af, af' ;; '
   00C5 D9            [ 4]  209 	exx
   00C6 FD E1         [14]  210 	pop	iy
   00C8 DD E1         [14]  211 	pop	ix
   00CA E1            [10]  212 	pop	hl
   00CB D1            [10]  213 	pop	de
   00CC C1            [10]  214 	pop	bc
   00CD F1            [10]  215 	pop	af
   00CE C9            [10]  216 	ret
                            217 	.area _CODE
                            218 	.area _INITIALIZER
                            219 	.area _CABS (ABS)
