                              1 ;--------------------------------------------------------
                              2 ; File Created by SDCC : free open source ANSI-C Compiler
                              3 ; Version 3.6.8 #9946 (Linux)
                              4 ;--------------------------------------------------------
                              5 	.module schtroumpf4x32
                              6 	.optsdcc -mz80
                              7 	
                              8 ;--------------------------------------------------------
                              9 ; Public variables in this module
                             10 ;--------------------------------------------------------
                             11 	.globl _g_tile_schtroumpf4x32_7
                             12 	.globl _g_tile_schtroumpf4x32_6
                             13 	.globl _g_tile_schtroumpf4x32_5
                             14 	.globl _g_tile_schtroumpf4x32_4
                             15 	.globl _g_tile_schtroumpf4x32_3
                             16 	.globl _g_tile_schtroumpf4x32_2
                             17 	.globl _g_tile_schtroumpf4x32_1
                             18 	.globl _g_tile_schtroumpf4x32_0
                             19 	.globl _g_tile_schtroumpf4x32_tileset
                             20 ;--------------------------------------------------------
                             21 ; special function registers
                             22 ;--------------------------------------------------------
                             23 ;--------------------------------------------------------
                             24 ; ram data
                             25 ;--------------------------------------------------------
                             26 	.area _DATA
                             27 ;--------------------------------------------------------
                             28 ; ram data
                             29 ;--------------------------------------------------------
                             30 	.area _INITIALIZED
                             31 ;--------------------------------------------------------
                             32 ; absolute external ram data
                             33 ;--------------------------------------------------------
                             34 	.area _DABS (ABS)
                             35 ;--------------------------------------------------------
                             36 ; global & static initialisations
                             37 ;--------------------------------------------------------
                             38 	.area _HOME
                             39 	.area _GSINIT
                             40 	.area _GSFINAL
                             41 	.area _GSINIT
                             42 ;--------------------------------------------------------
                             43 ; Home
                             44 ;--------------------------------------------------------
                             45 	.area _HOME
                             46 	.area _HOME
                             47 ;--------------------------------------------------------
                             48 ; code
                             49 ;--------------------------------------------------------
                             50 	.area _CODE
                             51 	.area _CODE
   0000                      52 _g_tile_schtroumpf4x32_tileset:
   0000r10r00                53 	.dw _g_tile_schtroumpf4x32_0
   0002r50r00                54 	.dw _g_tile_schtroumpf4x32_1
   0004r90r00                55 	.dw _g_tile_schtroumpf4x32_2
   0006rD0r00                56 	.dw _g_tile_schtroumpf4x32_3
   0008r10r01                57 	.dw _g_tile_schtroumpf4x32_4
   000Ar50r01                58 	.dw _g_tile_schtroumpf4x32_5
   000Cr90r01                59 	.dw _g_tile_schtroumpf4x32_6
   000ErD0r01                60 	.dw _g_tile_schtroumpf4x32_7
   0010                      61 _g_tile_schtroumpf4x32_0:
   0010 00                   62 	.db #0x00	; 0
   0011 00                   63 	.db #0x00	; 0
   0012 00                   64 	.db #0x00	; 0
   0013 00                   65 	.db #0x00	; 0
   0014 00                   66 	.db #0x00	; 0
   0015 00                   67 	.db #0x00	; 0
   0016 00                   68 	.db #0x00	; 0
   0017 00                   69 	.db #0x00	; 0
   0018 00                   70 	.db #0x00	; 0
   0019 00                   71 	.db #0x00	; 0
   001A 00                   72 	.db #0x00	; 0
   001B 00                   73 	.db #0x00	; 0
   001C 00                   74 	.db #0x00	; 0
   001D 00                   75 	.db #0x00	; 0
   001E 00                   76 	.db #0x00	; 0
   001F 00                   77 	.db #0x00	; 0
   0020 00                   78 	.db #0x00	; 0
   0021 00                   79 	.db #0x00	; 0
   0022 00                   80 	.db #0x00	; 0
   0023 00                   81 	.db #0x00	; 0
   0024 00                   82 	.db #0x00	; 0
   0025 00                   83 	.db #0x00	; 0
   0026 00                   84 	.db #0x00	; 0
   0027 00                   85 	.db #0x00	; 0
   0028 00                   86 	.db #0x00	; 0
   0029 00                   87 	.db #0x00	; 0
   002A 00                   88 	.db #0x00	; 0
   002B 00                   89 	.db #0x00	; 0
   002C 00                   90 	.db #0x00	; 0
   002D 00                   91 	.db #0x00	; 0
   002E 00                   92 	.db #0x00	; 0
   002F 00                   93 	.db #0x00	; 0
   0030 00                   94 	.db #0x00	; 0
   0031 00                   95 	.db #0x00	; 0
   0032 00                   96 	.db #0x00	; 0
   0033 00                   97 	.db #0x00	; 0
   0034 00                   98 	.db #0x00	; 0
   0035 00                   99 	.db #0x00	; 0
   0036 00                  100 	.db #0x00	; 0
   0037 00                  101 	.db #0x00	; 0
   0038 00                  102 	.db #0x00	; 0
   0039 00                  103 	.db #0x00	; 0
   003A 00                  104 	.db #0x00	; 0
   003B 00                  105 	.db #0x00	; 0
   003C 00                  106 	.db #0x00	; 0
   003D 00                  107 	.db #0x00	; 0
   003E 00                  108 	.db #0x00	; 0
   003F 00                  109 	.db #0x00	; 0
   0040 00                  110 	.db #0x00	; 0
   0041 00                  111 	.db #0x00	; 0
   0042 00                  112 	.db #0x00	; 0
   0043 00                  113 	.db #0x00	; 0
   0044 00                  114 	.db #0x00	; 0
   0045 00                  115 	.db #0x00	; 0
   0046 00                  116 	.db #0x00	; 0
   0047 00                  117 	.db #0x00	; 0
   0048 00                  118 	.db #0x00	; 0
   0049 00                  119 	.db #0x00	; 0
   004A 00                  120 	.db #0x00	; 0
   004B 00                  121 	.db #0x00	; 0
   004C 00                  122 	.db #0x00	; 0
   004D 00                  123 	.db #0x00	; 0
   004E 00                  124 	.db #0x00	; 0
   004F 00                  125 	.db #0x00	; 0
   0050                     126 _g_tile_schtroumpf4x32_1:
   0050 00                  127 	.db #0x00	; 0
   0051 00                  128 	.db #0x00	; 0
   0052 00                  129 	.db #0x00	; 0
   0053 00                  130 	.db #0x00	; 0
   0054 00                  131 	.db #0x00	; 0
   0055 00                  132 	.db #0x00	; 0
   0056 00                  133 	.db #0x00	; 0
   0057 00                  134 	.db #0x00	; 0
   0058 00                  135 	.db #0x00	; 0
   0059 00                  136 	.db #0x00	; 0
   005A 00                  137 	.db #0x00	; 0
   005B 44                  138 	.db #0x44	; 68	'D'
   005C 00                  139 	.db #0x00	; 0
   005D 44                  140 	.db #0x44	; 68	'D'
   005E 00                  141 	.db #0x00	; 0
   005F 44                  142 	.db #0x44	; 68	'D'
   0060 00                  143 	.db #0x00	; 0
   0061 88                  144 	.db #0x88	; 136
   0062 00                  145 	.db #0x00	; 0
   0063 88                  146 	.db #0x88	; 136
   0064 00                  147 	.db #0x00	; 0
   0065 88                  148 	.db #0x88	; 136
   0066 00                  149 	.db #0x00	; 0
   0067 CC                  150 	.db #0xcc	; 204
   0068 00                  151 	.db #0x00	; 0
   0069 44                  152 	.db #0x44	; 68	'D'
   006A 00                  153 	.db #0x00	; 0
   006B 44                  154 	.db #0x44	; 68	'D'
   006C 00                  155 	.db #0x00	; 0
   006D 00                  156 	.db #0x00	; 0
   006E 00                  157 	.db #0x00	; 0
   006F 00                  158 	.db #0x00	; 0
   0070 00                  159 	.db #0x00	; 0
   0071 00                  160 	.db #0x00	; 0
   0072 00                  161 	.db #0x00	; 0
   0073 00                  162 	.db #0x00	; 0
   0074 00                  163 	.db #0x00	; 0
   0075 00                  164 	.db #0x00	; 0
   0076 10                  165 	.db #0x10	; 16
   0077 30                  166 	.db #0x30	; 48	'0'
   0078 00                  167 	.db #0x00	; 0
   0079 30                  168 	.db #0x30	; 48	'0'
   007A 00                  169 	.db #0x00	; 0
   007B 30                  170 	.db #0x30	; 48	'0'
   007C 00                  171 	.db #0x00	; 0
   007D 30                  172 	.db #0x30	; 48	'0'
   007E 10                  173 	.db #0x10	; 16
   007F 30                  174 	.db #0x30	; 48	'0'
   0080 10                  175 	.db #0x10	; 16
   0081 30                  176 	.db #0x30	; 48	'0'
   0082 10                  177 	.db #0x10	; 16
   0083 30                  178 	.db #0x30	; 48	'0'
   0084 00                  179 	.db #0x00	; 0
   0085 30                  180 	.db #0x30	; 48	'0'
   0086 00                  181 	.db #0x00	; 0
   0087 00                  182 	.db #0x00	; 0
   0088 00                  183 	.db #0x00	; 0
   0089 CC                  184 	.db #0xcc	; 204
   008A 00                  185 	.db #0x00	; 0
   008B 44                  186 	.db #0x44	; 68	'D'
   008C 00                  187 	.db #0x00	; 0
   008D 00                  188 	.db #0x00	; 0
   008E 00                  189 	.db #0x00	; 0
   008F 00                  190 	.db #0x00	; 0
   0090                     191 _g_tile_schtroumpf4x32_2:
   0090 00                  192 	.db #0x00	; 0
   0091 00                  193 	.db #0x00	; 0
   0092 00                  194 	.db #0x00	; 0
   0093 44                  195 	.db #0x44	; 68	'D'
   0094 44                  196 	.db #0x44	; 68	'D'
   0095 88                  197 	.db #0x88	; 136
   0096 44                  198 	.db #0x44	; 68	'D'
   0097 00                  199 	.db #0x00	; 0
   0098 88                  200 	.db #0x88	; 136
   0099 00                  201 	.db #0x00	; 0
   009A 00                  202 	.db #0x00	; 0
   009B 44                  203 	.db #0x44	; 68	'D'
   009C 00                  204 	.db #0x00	; 0
   009D 00                  205 	.db #0x00	; 0
   009E 00                  206 	.db #0x00	; 0
   009F 00                  207 	.db #0x00	; 0
   00A0 00                  208 	.db #0x00	; 0
   00A1 44                  209 	.db #0x44	; 68	'D'
   00A2 00                  210 	.db #0x00	; 0
   00A3 10                  211 	.db #0x10	; 16
   00A4 00                  212 	.db #0x00	; 0
   00A5 98                  213 	.db #0x98	; 152
   00A6 00                  214 	.db #0x00	; 0
   00A7 30                  215 	.db #0x30	; 48	'0'
   00A8 30                  216 	.db #0x30	; 48	'0'
   00A9 30                  217 	.db #0x30	; 48	'0'
   00AA 30                  218 	.db #0x30	; 48	'0'
   00AB 30                  219 	.db #0x30	; 48	'0'
   00AC 30                  220 	.db #0x30	; 48	'0'
   00AD 90                  221 	.db #0x90	; 144
   00AE 10                  222 	.db #0x10	; 16
   00AF 30                  223 	.db #0x30	; 48	'0'
   00B0 00                  224 	.db #0x00	; 0
   00B1 00                  225 	.db #0x00	; 0
   00B2 00                  226 	.db #0x00	; 0
   00B3 10                  227 	.db #0x10	; 16
   00B4 10                  228 	.db #0x10	; 16
   00B5 30                  229 	.db #0x30	; 48	'0'
   00B6 30                  230 	.db #0x30	; 48	'0'
   00B7 30                  231 	.db #0x30	; 48	'0'
   00B8 30                  232 	.db #0x30	; 48	'0'
   00B9 20                  233 	.db #0x20	; 32
   00BA 30                  234 	.db #0x30	; 48	'0'
   00BB 10                  235 	.db #0x10	; 16
   00BC 30                  236 	.db #0x30	; 48	'0'
   00BD 10                  237 	.db #0x10	; 16
   00BE 20                  238 	.db #0x20	; 32
   00BF 44                  239 	.db #0x44	; 68	'D'
   00C0 20                  240 	.db #0x20	; 32
   00C1 00                  241 	.db #0x00	; 0
   00C2 44                  242 	.db #0x44	; 68	'D'
   00C3 CC                  243 	.db #0xcc	; 204
   00C4 88                  244 	.db #0x88	; 136
   00C5 44                  245 	.db #0x44	; 68	'D'
   00C6 88                  246 	.db #0x88	; 136
   00C7 00                  247 	.db #0x00	; 0
   00C8 88                  248 	.db #0x88	; 136
   00C9 00                  249 	.db #0x00	; 0
   00CA 88                  250 	.db #0x88	; 136
   00CB 00                  251 	.db #0x00	; 0
   00CC CC                  252 	.db #0xcc	; 204
   00CD 88                  253 	.db #0x88	; 136
   00CE 00                  254 	.db #0x00	; 0
   00CF 44                  255 	.db #0x44	; 68	'D'
   00D0                     256 _g_tile_schtroumpf4x32_3:
   00D0 CC                  257 	.db #0xcc	; 204
   00D1 CC                  258 	.db #0xcc	; 204
   00D2 00                  259 	.db #0x00	; 0
   00D3 00                  260 	.db #0x00	; 0
   00D4 00                  261 	.db #0x00	; 0
   00D5 00                  262 	.db #0x00	; 0
   00D6 00                  263 	.db #0x00	; 0
   00D7 00                  264 	.db #0x00	; 0
   00D8 00                  265 	.db #0x00	; 0
   00D9 CC                  266 	.db #0xcc	; 204
   00DA CC                  267 	.db #0xcc	; 204
   00DB 88                  268 	.db #0x88	; 136
   00DC CC                  269 	.db #0xcc	; 204
   00DD 44                  270 	.db #0x44	; 68	'D'
   00DE 30                  271 	.db #0x30	; 48	'0'
   00DF 30                  272 	.db #0x30	; 48	'0'
   00E0 20                  273 	.db #0x20	; 32
   00E1 00                  274 	.db #0x00	; 0
   00E2 20                  275 	.db #0x20	; 32
   00E3 00                  276 	.db #0x00	; 0
   00E4 64                  277 	.db #0x64	; 100	'd'
   00E5 00                  278 	.db #0x00	; 0
   00E6 30                  279 	.db #0x30	; 48	'0'
   00E7 30                  280 	.db #0x30	; 48	'0'
   00E8 30                  281 	.db #0x30	; 48	'0'
   00E9 30                  282 	.db #0x30	; 48	'0'
   00EA 30                  283 	.db #0x30	; 48	'0'
   00EB 90                  284 	.db #0x90	; 144
   00EC 30                  285 	.db #0x30	; 48	'0'
   00ED F0                  286 	.db #0xf0	; 240
   00EE 90                  287 	.db #0x90	; 144
   00EF 30                  288 	.db #0x30	; 48	'0'
   00F0 30                  289 	.db #0x30	; 48	'0'
   00F1 30                  290 	.db #0x30	; 48	'0'
   00F2 30                  291 	.db #0x30	; 48	'0'
   00F3 30                  292 	.db #0x30	; 48	'0'
   00F4 30                  293 	.db #0x30	; 48	'0'
   00F5 30                  294 	.db #0x30	; 48	'0'
   00F6 30                  295 	.db #0x30	; 48	'0'
   00F7 30                  296 	.db #0x30	; 48	'0'
   00F8 30                  297 	.db #0x30	; 48	'0'
   00F9 30                  298 	.db #0x30	; 48	'0'
   00FA 10                  299 	.db #0x10	; 16
   00FB 30                  300 	.db #0x30	; 48	'0'
   00FC 00                  301 	.db #0x00	; 0
   00FD CC                  302 	.db #0xcc	; 204
   00FE 00                  303 	.db #0x00	; 0
   00FF 00                  304 	.db #0x00	; 0
   0100 88                  305 	.db #0x88	; 136
   0101 44                  306 	.db #0x44	; 68	'D'
   0102 88                  307 	.db #0x88	; 136
   0103 44                  308 	.db #0x44	; 68	'D'
   0104 00                  309 	.db #0x00	; 0
   0105 44                  310 	.db #0x44	; 68	'D'
   0106 00                  311 	.db #0x00	; 0
   0107 CC                  312 	.db #0xcc	; 204
   0108 00                  313 	.db #0x00	; 0
   0109 00                  314 	.db #0x00	; 0
   010A 00                  315 	.db #0x00	; 0
   010B 00                  316 	.db #0x00	; 0
   010C 00                  317 	.db #0x00	; 0
   010D 00                  318 	.db #0x00	; 0
   010E CC                  319 	.db #0xcc	; 204
   010F CC                  320 	.db #0xcc	; 204
   0110                     321 _g_tile_schtroumpf4x32_4:
   0110 CC                  322 	.db #0xcc	; 204
   0111 00                  323 	.db #0x00	; 0
   0112 00                  324 	.db #0x00	; 0
   0113 CC                  325 	.db #0xcc	; 204
   0114 00                  326 	.db #0x00	; 0
   0115 44                  327 	.db #0x44	; 68	'D'
   0116 00                  328 	.db #0x00	; 0
   0117 00                  329 	.db #0x00	; 0
   0118 88                  330 	.db #0x88	; 136
   0119 CC                  331 	.db #0xcc	; 204
   011A CC                  332 	.db #0xcc	; 204
   011B 00                  333 	.db #0x00	; 0
   011C CC                  334 	.db #0xcc	; 204
   011D 88                  335 	.db #0x88	; 136
   011E 00                  336 	.db #0x00	; 0
   011F CC                  337 	.db #0xcc	; 204
   0120 10                  338 	.db #0x10	; 16
   0121 44                  339 	.db #0x44	; 68	'D'
   0122 10                  340 	.db #0x10	; 16
   0123 30                  341 	.db #0x30	; 48	'0'
   0124 30                  342 	.db #0x30	; 48	'0'
   0125 30                  343 	.db #0x30	; 48	'0'
   0126 30                  344 	.db #0x30	; 48	'0'
   0127 60                  345 	.db #0x60	; 96
   0128 30                  346 	.db #0x30	; 48	'0'
   0129 30                  347 	.db #0x30	; 48	'0'
   012A 30                  348 	.db #0x30	; 48	'0'
   012B 20                  349 	.db #0x20	; 32
   012C 30                  350 	.db #0x30	; 48	'0'
   012D 30                  351 	.db #0x30	; 48	'0'
   012E 30                  352 	.db #0x30	; 48	'0'
   012F 30                  353 	.db #0x30	; 48	'0'
   0130 30                  354 	.db #0x30	; 48	'0'
   0131 30                  355 	.db #0x30	; 48	'0'
   0132 20                  356 	.db #0x20	; 32
   0133 00                  357 	.db #0x00	; 0
   0134 30                  358 	.db #0x30	; 48	'0'
   0135 00                  359 	.db #0x00	; 0
   0136 30                  360 	.db #0x30	; 48	'0'
   0137 00                  361 	.db #0x00	; 0
   0138 30                  362 	.db #0x30	; 48	'0'
   0139 20                  363 	.db #0x20	; 32
   013A 30                  364 	.db #0x30	; 48	'0'
   013B CC                  365 	.db #0xcc	; 204
   013C 88                  366 	.db #0x88	; 136
   013D 44                  367 	.db #0x44	; 68	'D'
   013E 00                  368 	.db #0x00	; 0
   013F CC                  369 	.db #0xcc	; 204
   0140 CC                  370 	.db #0xcc	; 204
   0141 CC                  371 	.db #0xcc	; 204
   0142 CC                  372 	.db #0xcc	; 204
   0143 44                  373 	.db #0x44	; 68	'D'
   0144 44                  374 	.db #0x44	; 68	'D'
   0145 CC                  375 	.db #0xcc	; 204
   0146 00                  376 	.db #0x00	; 0
   0147 00                  377 	.db #0x00	; 0
   0148 44                  378 	.db #0x44	; 68	'D'
   0149 00                  379 	.db #0x00	; 0
   014A 44                  380 	.db #0x44	; 68	'D'
   014B 88                  381 	.db #0x88	; 136
   014C 44                  382 	.db #0x44	; 68	'D'
   014D CC                  383 	.db #0xcc	; 204
   014E 88                  384 	.db #0x88	; 136
   014F 00                  385 	.db #0x00	; 0
   0150                     386 _g_tile_schtroumpf4x32_5:
   0150 00                  387 	.db #0x00	; 0
   0151 00                  388 	.db #0x00	; 0
   0152 00                  389 	.db #0x00	; 0
   0153 00                  390 	.db #0x00	; 0
   0154 88                  391 	.db #0x88	; 136
   0155 00                  392 	.db #0x00	; 0
   0156 88                  393 	.db #0x88	; 136
   0157 00                  394 	.db #0x00	; 0
   0158 88                  395 	.db #0x88	; 136
   0159 00                  396 	.db #0x00	; 0
   015A 00                  397 	.db #0x00	; 0
   015B 00                  398 	.db #0x00	; 0
   015C 00                  399 	.db #0x00	; 0
   015D 00                  400 	.db #0x00	; 0
   015E 00                  401 	.db #0x00	; 0
   015F 00                  402 	.db #0x00	; 0
   0160 00                  403 	.db #0x00	; 0
   0161 00                  404 	.db #0x00	; 0
   0162 00                  405 	.db #0x00	; 0
   0163 00                  406 	.db #0x00	; 0
   0164 00                  407 	.db #0x00	; 0
   0165 30                  408 	.db #0x30	; 48	'0'
   0166 00                  409 	.db #0x00	; 0
   0167 10                  410 	.db #0x10	; 16
   0168 10                  411 	.db #0x10	; 16
   0169 30                  412 	.db #0x30	; 48	'0'
   016A 10                  413 	.db #0x10	; 16
   016B 30                  414 	.db #0x30	; 48	'0'
   016C 30                  415 	.db #0x30	; 48	'0'
   016D 30                  416 	.db #0x30	; 48	'0'
   016E 30                  417 	.db #0x30	; 48	'0'
   016F 30                  418 	.db #0x30	; 48	'0'
   0170 00                  419 	.db #0x00	; 0
   0171 30                  420 	.db #0x30	; 48	'0'
   0172 00                  421 	.db #0x00	; 0
   0173 00                  422 	.db #0x00	; 0
   0174 00                  423 	.db #0x00	; 0
   0175 00                  424 	.db #0x00	; 0
   0176 00                  425 	.db #0x00	; 0
   0177 00                  426 	.db #0x00	; 0
   0178 00                  427 	.db #0x00	; 0
   0179 00                  428 	.db #0x00	; 0
   017A 00                  429 	.db #0x00	; 0
   017B 00                  430 	.db #0x00	; 0
   017C 00                  431 	.db #0x00	; 0
   017D 00                  432 	.db #0x00	; 0
   017E 00                  433 	.db #0x00	; 0
   017F 00                  434 	.db #0x00	; 0
   0180 00                  435 	.db #0x00	; 0
   0181 00                  436 	.db #0x00	; 0
   0182 88                  437 	.db #0x88	; 136
   0183 00                  438 	.db #0x00	; 0
   0184 44                  439 	.db #0x44	; 68	'D'
   0185 00                  440 	.db #0x00	; 0
   0186 00                  441 	.db #0x00	; 0
   0187 88                  442 	.db #0x88	; 136
   0188 00                  443 	.db #0x00	; 0
   0189 88                  444 	.db #0x88	; 136
   018A 44                  445 	.db #0x44	; 68	'D'
   018B 88                  446 	.db #0x88	; 136
   018C CC                  447 	.db #0xcc	; 204
   018D 00                  448 	.db #0x00	; 0
   018E 00                  449 	.db #0x00	; 0
   018F 00                  450 	.db #0x00	; 0
   0190                     451 _g_tile_schtroumpf4x32_6:
   0190 00                  452 	.db #0x00	; 0
   0191 00                  453 	.db #0x00	; 0
   0192 00                  454 	.db #0x00	; 0
   0193 00                  455 	.db #0x00	; 0
   0194 00                  456 	.db #0x00	; 0
   0195 00                  457 	.db #0x00	; 0
   0196 00                  458 	.db #0x00	; 0
   0197 00                  459 	.db #0x00	; 0
   0198 00                  460 	.db #0x00	; 0
   0199 00                  461 	.db #0x00	; 0
   019A 00                  462 	.db #0x00	; 0
   019B 00                  463 	.db #0x00	; 0
   019C 00                  464 	.db #0x00	; 0
   019D 00                  465 	.db #0x00	; 0
   019E 00                  466 	.db #0x00	; 0
   019F 00                  467 	.db #0x00	; 0
   01A0 00                  468 	.db #0x00	; 0
   01A1 00                  469 	.db #0x00	; 0
   01A2 00                  470 	.db #0x00	; 0
   01A3 00                  471 	.db #0x00	; 0
   01A4 00                  472 	.db #0x00	; 0
   01A5 00                  473 	.db #0x00	; 0
   01A6 00                  474 	.db #0x00	; 0
   01A7 00                  475 	.db #0x00	; 0
   01A8 00                  476 	.db #0x00	; 0
   01A9 00                  477 	.db #0x00	; 0
   01AA 00                  478 	.db #0x00	; 0
   01AB 00                  479 	.db #0x00	; 0
   01AC 20                  480 	.db #0x20	; 32
   01AD 00                  481 	.db #0x00	; 0
   01AE 30                  482 	.db #0x30	; 48	'0'
   01AF 00                  483 	.db #0x00	; 0
   01B0 30                  484 	.db #0x30	; 48	'0'
   01B1 00                  485 	.db #0x00	; 0
   01B2 30                  486 	.db #0x30	; 48	'0'
   01B3 00                  487 	.db #0x00	; 0
   01B4 00                  488 	.db #0x00	; 0
   01B5 00                  489 	.db #0x00	; 0
   01B6 00                  490 	.db #0x00	; 0
   01B7 00                  491 	.db #0x00	; 0
   01B8 00                  492 	.db #0x00	; 0
   01B9 00                  493 	.db #0x00	; 0
   01BA 00                  494 	.db #0x00	; 0
   01BB 00                  495 	.db #0x00	; 0
   01BC 00                  496 	.db #0x00	; 0
   01BD 00                  497 	.db #0x00	; 0
   01BE 00                  498 	.db #0x00	; 0
   01BF 00                  499 	.db #0x00	; 0
   01C0 00                  500 	.db #0x00	; 0
   01C1 00                  501 	.db #0x00	; 0
   01C2 00                  502 	.db #0x00	; 0
   01C3 00                  503 	.db #0x00	; 0
   01C4 00                  504 	.db #0x00	; 0
   01C5 00                  505 	.db #0x00	; 0
   01C6 00                  506 	.db #0x00	; 0
   01C7 00                  507 	.db #0x00	; 0
   01C8 00                  508 	.db #0x00	; 0
   01C9 00                  509 	.db #0x00	; 0
   01CA 00                  510 	.db #0x00	; 0
   01CB 00                  511 	.db #0x00	; 0
   01CC 00                  512 	.db #0x00	; 0
   01CD 00                  513 	.db #0x00	; 0
   01CE 00                  514 	.db #0x00	; 0
   01CF 00                  515 	.db #0x00	; 0
   01D0                     516 _g_tile_schtroumpf4x32_7:
   01D0 00                  517 	.db #0x00	; 0
   01D1 00                  518 	.db #0x00	; 0
   01D2 00                  519 	.db #0x00	; 0
   01D3 00                  520 	.db #0x00	; 0
   01D4 00                  521 	.db #0x00	; 0
   01D5 00                  522 	.db #0x00	; 0
   01D6 00                  523 	.db #0x00	; 0
   01D7 00                  524 	.db #0x00	; 0
   01D8 00                  525 	.db #0x00	; 0
   01D9 00                  526 	.db #0x00	; 0
   01DA 00                  527 	.db #0x00	; 0
   01DB 00                  528 	.db #0x00	; 0
   01DC 00                  529 	.db #0x00	; 0
   01DD 00                  530 	.db #0x00	; 0
   01DE 00                  531 	.db #0x00	; 0
   01DF 00                  532 	.db #0x00	; 0
   01E0 00                  533 	.db #0x00	; 0
   01E1 00                  534 	.db #0x00	; 0
   01E2 00                  535 	.db #0x00	; 0
   01E3 00                  536 	.db #0x00	; 0
   01E4 00                  537 	.db #0x00	; 0
   01E5 00                  538 	.db #0x00	; 0
   01E6 00                  539 	.db #0x00	; 0
   01E7 00                  540 	.db #0x00	; 0
   01E8 00                  541 	.db #0x00	; 0
   01E9 00                  542 	.db #0x00	; 0
   01EA 00                  543 	.db #0x00	; 0
   01EB 00                  544 	.db #0x00	; 0
   01EC 00                  545 	.db #0x00	; 0
   01ED 00                  546 	.db #0x00	; 0
   01EE 00                  547 	.db #0x00	; 0
   01EF 00                  548 	.db #0x00	; 0
   01F0 00                  549 	.db #0x00	; 0
   01F1 00                  550 	.db #0x00	; 0
   01F2 00                  551 	.db #0x00	; 0
   01F3 00                  552 	.db #0x00	; 0
   01F4 00                  553 	.db #0x00	; 0
   01F5 00                  554 	.db #0x00	; 0
   01F6 00                  555 	.db #0x00	; 0
   01F7 00                  556 	.db #0x00	; 0
   01F8 00                  557 	.db #0x00	; 0
   01F9 00                  558 	.db #0x00	; 0
   01FA 00                  559 	.db #0x00	; 0
   01FB 00                  560 	.db #0x00	; 0
   01FC 00                  561 	.db #0x00	; 0
   01FD 00                  562 	.db #0x00	; 0
   01FE 00                  563 	.db #0x00	; 0
   01FF 00                  564 	.db #0x00	; 0
   0200 00                  565 	.db #0x00	; 0
   0201 00                  566 	.db #0x00	; 0
   0202 00                  567 	.db #0x00	; 0
   0203 00                  568 	.db #0x00	; 0
   0204 00                  569 	.db #0x00	; 0
   0205 00                  570 	.db #0x00	; 0
   0206 00                  571 	.db #0x00	; 0
   0207 00                  572 	.db #0x00	; 0
   0208 00                  573 	.db #0x00	; 0
   0209 00                  574 	.db #0x00	; 0
   020A 00                  575 	.db #0x00	; 0
   020B 00                  576 	.db #0x00	; 0
   020C 00                  577 	.db #0x00	; 0
   020D 00                  578 	.db #0x00	; 0
   020E 00                  579 	.db #0x00	; 0
   020F 00                  580 	.db #0x00	; 0
                            581 	.area _INITIALIZER
                            582 	.area _CABS (ABS)
