                              1 ;--------------------------------------------------------
                              2 ; File Created by SDCC : free open source ANSI-C Compiler
                              3 ; Version 3.6.8 #9946 (Linux)
                              4 ;--------------------------------------------------------
                              5 	.module schtroumpf
                              6 	.optsdcc -mz80
                              7 	
                              8 ;--------------------------------------------------------
                              9 ; Public variables in this module
                             10 ;--------------------------------------------------------
                             11 	.globl _g_tile_schtroumpf
                             12 	.globl _g_tile_palette
                             13 ;--------------------------------------------------------
                             14 ; special function registers
                             15 ;--------------------------------------------------------
                             16 ;--------------------------------------------------------
                             17 ; ram data
                             18 ;--------------------------------------------------------
                             19 	.area _DATA
                             20 ;--------------------------------------------------------
                             21 ; ram data
                             22 ;--------------------------------------------------------
                             23 	.area _INITIALIZED
                             24 ;--------------------------------------------------------
                             25 ; absolute external ram data
                             26 ;--------------------------------------------------------
                             27 	.area _DABS (ABS)
                             28 ;--------------------------------------------------------
                             29 ; global & static initialisations
                             30 ;--------------------------------------------------------
                             31 	.area _HOME
                             32 	.area _GSINIT
                             33 	.area _GSFINAL
                             34 	.area _GSINIT
                             35 ;--------------------------------------------------------
                             36 ; Home
                             37 ;--------------------------------------------------------
                             38 	.area _HOME
                             39 	.area _HOME
                             40 ;--------------------------------------------------------
                             41 ; code
                             42 ;--------------------------------------------------------
                             43 	.area _CODE
                             44 	.area _CODE
   0000                      45 _g_tile_palette:
   0000 4B                   46 	.db #0x4b	; 75	'K'
   0001 44                   47 	.db #0x44	; 68	'D'
   0002 55                   48 	.db #0x55	; 85	'U'
   0003 54                   49 	.db #0x54	; 84	'T'
   0004 57                   50 	.db #0x57	; 87	'W'
   0005 4C                   51 	.db #0x4c	; 76	'L'
   0006                      52 _g_tile_schtroumpf:
   0006 FF                   53 	.db #0xff	; 255
   0007 00                   54 	.db #0x00	; 0
   0008 FF                   55 	.db #0xff	; 255
   0009 00                   56 	.db #0x00	; 0
   000A FF                   57 	.db #0xff	; 255
   000B 00                   58 	.db #0x00	; 0
   000C FF                   59 	.db #0xff	; 255
   000D 00                   60 	.db #0x00	; 0
   000E FF                   61 	.db #0xff	; 255
   000F 00                   62 	.db #0x00	; 0
   0010 FF                   63 	.db #0xff	; 255
   0011 00                   64 	.db #0x00	; 0
   0012 00                   65 	.db #0x00	; 0
   0013 CC                   66 	.db #0xcc	; 204
   0014 00                   67 	.db #0x00	; 0
   0015 CC                   68 	.db #0xcc	; 204
   0016 00                   69 	.db #0x00	; 0
   0017 CC                   70 	.db #0xcc	; 204
   0018 FF                   71 	.db #0xff	; 255
   0019 00                   72 	.db #0x00	; 0
   001A FF                   73 	.db #0xff	; 255
   001B 00                   74 	.db #0x00	; 0
   001C FF                   75 	.db #0xff	; 255
   001D 00                   76 	.db #0x00	; 0
   001E FF                   77 	.db #0xff	; 255
   001F 00                   78 	.db #0x00	; 0
   0020 FF                   79 	.db #0xff	; 255
   0021 00                   80 	.db #0x00	; 0
   0022 FF                   81 	.db #0xff	; 255
   0023 00                   82 	.db #0x00	; 0
   0024 FF                   83 	.db #0xff	; 255
   0025 00                   84 	.db #0x00	; 0
   0026 FF                   85 	.db #0xff	; 255
   0027 00                   86 	.db #0x00	; 0
   0028 FF                   87 	.db #0xff	; 255
   0029 00                   88 	.db #0x00	; 0
   002A FF                   89 	.db #0xff	; 255
   002B 00                   90 	.db #0x00	; 0
   002C FF                   91 	.db #0xff	; 255
   002D 00                   92 	.db #0x00	; 0
   002E FF                   93 	.db #0xff	; 255
   002F 00                   94 	.db #0x00	; 0
   0030 AA                   95 	.db #0xaa	; 170
   0031 44                   96 	.db #0x44	; 68	'D'
   0032 FF                   97 	.db #0xff	; 255
   0033 00                   98 	.db #0x00	; 0
   0034 FF                   99 	.db #0xff	; 255
   0035 00                  100 	.db #0x00	; 0
   0036 FF                  101 	.db #0xff	; 255
   0037 00                  102 	.db #0x00	; 0
   0038 00                  103 	.db #0x00	; 0
   0039 CC                  104 	.db #0xcc	; 204
   003A FF                  105 	.db #0xff	; 255
   003B 00                  106 	.db #0x00	; 0
   003C FF                  107 	.db #0xff	; 255
   003D 00                  108 	.db #0x00	; 0
   003E FF                  109 	.db #0xff	; 255
   003F 00                  110 	.db #0x00	; 0
   0040 FF                  111 	.db #0xff	; 255
   0041 00                  112 	.db #0x00	; 0
   0042 FF                  113 	.db #0xff	; 255
   0043 00                  114 	.db #0x00	; 0
   0044 FF                  115 	.db #0xff	; 255
   0045 00                  116 	.db #0x00	; 0
   0046 FF                  117 	.db #0xff	; 255
   0047 00                  118 	.db #0x00	; 0
   0048 FF                  119 	.db #0xff	; 255
   0049 00                  120 	.db #0x00	; 0
   004A FF                  121 	.db #0xff	; 255
   004B 00                  122 	.db #0x00	; 0
   004C FF                  123 	.db #0xff	; 255
   004D 00                  124 	.db #0x00	; 0
   004E AA                  125 	.db #0xaa	; 170
   004F 44                  126 	.db #0x44	; 68	'D'
   0050 55                  127 	.db #0x55	; 85	'U'
   0051 88                  128 	.db #0x88	; 136
   0052 FF                  129 	.db #0xff	; 255
   0053 00                  130 	.db #0x00	; 0
   0054 FF                  131 	.db #0xff	; 255
   0055 00                  132 	.db #0x00	; 0
   0056 FF                  133 	.db #0xff	; 255
   0057 00                  134 	.db #0x00	; 0
   0058 AA                  135 	.db #0xaa	; 170
   0059 44                  136 	.db #0x44	; 68	'D'
   005A 55                  137 	.db #0x55	; 85	'U'
   005B 88                  138 	.db #0x88	; 136
   005C FF                  139 	.db #0xff	; 255
   005D 00                  140 	.db #0x00	; 0
   005E FF                  141 	.db #0xff	; 255
   005F 00                  142 	.db #0x00	; 0
   0060 FF                  143 	.db #0xff	; 255
   0061 00                  144 	.db #0x00	; 0
   0062 FF                  145 	.db #0xff	; 255
   0063 00                  146 	.db #0x00	; 0
   0064 FF                  147 	.db #0xff	; 255
   0065 00                  148 	.db #0x00	; 0
   0066 FF                  149 	.db #0xff	; 255
   0067 00                  150 	.db #0x00	; 0
   0068 FF                  151 	.db #0xff	; 255
   0069 00                  152 	.db #0x00	; 0
   006A FF                  153 	.db #0xff	; 255
   006B 00                  154 	.db #0x00	; 0
   006C FF                  155 	.db #0xff	; 255
   006D 00                  156 	.db #0x00	; 0
   006E AA                  157 	.db #0xaa	; 170
   006F 44                  158 	.db #0x44	; 68	'D'
   0070 FF                  159 	.db #0xff	; 255
   0071 00                  160 	.db #0x00	; 0
   0072 FF                  161 	.db #0xff	; 255
   0073 00                  162 	.db #0x00	; 0
   0074 FF                  163 	.db #0xff	; 255
   0075 00                  164 	.db #0x00	; 0
   0076 FF                  165 	.db #0xff	; 255
   0077 00                  166 	.db #0x00	; 0
   0078 FF                  167 	.db #0xff	; 255
   0079 00                  168 	.db #0x00	; 0
   007A 55                  169 	.db #0x55	; 85	'U'
   007B 88                  170 	.db #0x88	; 136
   007C FF                  171 	.db #0xff	; 255
   007D 00                  172 	.db #0x00	; 0
   007E FF                  173 	.db #0xff	; 255
   007F 00                  174 	.db #0x00	; 0
   0080 FF                  175 	.db #0xff	; 255
   0081 00                  176 	.db #0x00	; 0
   0082 FF                  177 	.db #0xff	; 255
   0083 00                  178 	.db #0x00	; 0
   0084 FF                  179 	.db #0xff	; 255
   0085 00                  180 	.db #0x00	; 0
   0086 FF                  181 	.db #0xff	; 255
   0087 00                  182 	.db #0x00	; 0
   0088 FF                  183 	.db #0xff	; 255
   0089 00                  184 	.db #0x00	; 0
   008A FF                  185 	.db #0xff	; 255
   008B 00                  186 	.db #0x00	; 0
   008C FF                  187 	.db #0xff	; 255
   008D 00                  188 	.db #0x00	; 0
   008E 55                  189 	.db #0x55	; 85	'U'
   008F 88                  190 	.db #0x88	; 136
   0090 FF                  191 	.db #0xff	; 255
   0091 00                  192 	.db #0x00	; 0
   0092 FF                  193 	.db #0xff	; 255
   0093 00                  194 	.db #0x00	; 0
   0094 00                  195 	.db #0x00	; 0
   0095 CC                  196 	.db #0xcc	; 204
   0096 55                  197 	.db #0x55	; 85	'U'
   0097 88                  198 	.db #0x88	; 136
   0098 00                  199 	.db #0x00	; 0
   0099 CC                  200 	.db #0xcc	; 204
   009A 55                  201 	.db #0x55	; 85	'U'
   009B 88                  202 	.db #0x88	; 136
   009C FF                  203 	.db #0xff	; 255
   009D 00                  204 	.db #0x00	; 0
   009E FF                  205 	.db #0xff	; 255
   009F 00                  206 	.db #0x00	; 0
   00A0 FF                  207 	.db #0xff	; 255
   00A1 00                  208 	.db #0x00	; 0
   00A2 FF                  209 	.db #0xff	; 255
   00A3 00                  210 	.db #0x00	; 0
   00A4 FF                  211 	.db #0xff	; 255
   00A5 00                  212 	.db #0x00	; 0
   00A6 FF                  213 	.db #0xff	; 255
   00A7 00                  214 	.db #0x00	; 0
   00A8 FF                  215 	.db #0xff	; 255
   00A9 00                  216 	.db #0x00	; 0
   00AA FF                  217 	.db #0xff	; 255
   00AB 00                  218 	.db #0x00	; 0
   00AC AA                  219 	.db #0xaa	; 170
   00AD 44                  220 	.db #0x44	; 68	'D'
   00AE FF                  221 	.db #0xff	; 255
   00AF 00                  222 	.db #0x00	; 0
   00B0 AA                  223 	.db #0xaa	; 170
   00B1 44                  224 	.db #0x44	; 68	'D'
   00B2 00                  225 	.db #0x00	; 0
   00B3 CC                  226 	.db #0xcc	; 204
   00B4 55                  227 	.db #0x55	; 85	'U'
   00B5 88                  228 	.db #0x88	; 136
   00B6 00                  229 	.db #0x00	; 0
   00B7 CC                  230 	.db #0xcc	; 204
   00B8 FF                  231 	.db #0xff	; 255
   00B9 00                  232 	.db #0x00	; 0
   00BA FF                  233 	.db #0xff	; 255
   00BB 00                  234 	.db #0x00	; 0
   00BC FF                  235 	.db #0xff	; 255
   00BD 00                  236 	.db #0x00	; 0
   00BE FF                  237 	.db #0xff	; 255
   00BF 00                  238 	.db #0x00	; 0
   00C0 FF                  239 	.db #0xff	; 255
   00C1 00                  240 	.db #0x00	; 0
   00C2 FF                  241 	.db #0xff	; 255
   00C3 00                  242 	.db #0x00	; 0
   00C4 FF                  243 	.db #0xff	; 255
   00C5 00                  244 	.db #0x00	; 0
   00C6 FF                  245 	.db #0xff	; 255
   00C7 00                  246 	.db #0x00	; 0
   00C8 FF                  247 	.db #0xff	; 255
   00C9 00                  248 	.db #0x00	; 0
   00CA FF                  249 	.db #0xff	; 255
   00CB 00                  250 	.db #0x00	; 0
   00CC AA                  251 	.db #0xaa	; 170
   00CD 44                  252 	.db #0x44	; 68	'D'
   00CE FF                  253 	.db #0xff	; 255
   00CF 00                  254 	.db #0x00	; 0
   00D0 FF                  255 	.db #0xff	; 255
   00D1 00                  256 	.db #0x00	; 0
   00D2 00                  257 	.db #0x00	; 0
   00D3 CC                  258 	.db #0xcc	; 204
   00D4 AA                  259 	.db #0xaa	; 170
   00D5 44                  260 	.db #0x44	; 68	'D'
   00D6 00                  261 	.db #0x00	; 0
   00D7 CC                  262 	.db #0xcc	; 204
   00D8 55                  263 	.db #0x55	; 85	'U'
   00D9 88                  264 	.db #0x88	; 136
   00DA FF                  265 	.db #0xff	; 255
   00DB 00                  266 	.db #0x00	; 0
   00DC FF                  267 	.db #0xff	; 255
   00DD 00                  268 	.db #0x00	; 0
   00DE FF                  269 	.db #0xff	; 255
   00DF 00                  270 	.db #0x00	; 0
   00E0 FF                  271 	.db #0xff	; 255
   00E1 00                  272 	.db #0x00	; 0
   00E2 FF                  273 	.db #0xff	; 255
   00E3 00                  274 	.db #0x00	; 0
   00E4 FF                  275 	.db #0xff	; 255
   00E5 00                  276 	.db #0x00	; 0
   00E6 FF                  277 	.db #0xff	; 255
   00E7 00                  278 	.db #0x00	; 0
   00E8 FF                  279 	.db #0xff	; 255
   00E9 00                  280 	.db #0x00	; 0
   00EA FF                  281 	.db #0xff	; 255
   00EB 00                  282 	.db #0x00	; 0
   00EC AA                  283 	.db #0xaa	; 170
   00ED 44                  284 	.db #0x44	; 68	'D'
   00EE FF                  285 	.db #0xff	; 255
   00EF 00                  286 	.db #0x00	; 0
   00F0 FF                  287 	.db #0xff	; 255
   00F1 00                  288 	.db #0x00	; 0
   00F2 00                  289 	.db #0x00	; 0
   00F3 30                  290 	.db #0x30	; 48	'0'
   00F4 00                  291 	.db #0x00	; 0
   00F5 30                  292 	.db #0x30	; 48	'0'
   00F6 FF                  293 	.db #0xff	; 255
   00F7 00                  294 	.db #0x00	; 0
   00F8 00                  295 	.db #0x00	; 0
   00F9 CC                  296 	.db #0xcc	; 204
   00FA FF                  297 	.db #0xff	; 255
   00FB 00                  298 	.db #0x00	; 0
   00FC FF                  299 	.db #0xff	; 255
   00FD 00                  300 	.db #0x00	; 0
   00FE FF                  301 	.db #0xff	; 255
   00FF 00                  302 	.db #0x00	; 0
   0100 FF                  303 	.db #0xff	; 255
   0101 00                  304 	.db #0x00	; 0
   0102 FF                  305 	.db #0xff	; 255
   0103 00                  306 	.db #0x00	; 0
   0104 FF                  307 	.db #0xff	; 255
   0105 00                  308 	.db #0x00	; 0
   0106 FF                  309 	.db #0xff	; 255
   0107 00                  310 	.db #0x00	; 0
   0108 FF                  311 	.db #0xff	; 255
   0109 00                  312 	.db #0x00	; 0
   010A FF                  313 	.db #0xff	; 255
   010B 00                  314 	.db #0x00	; 0
   010C 55                  315 	.db #0x55	; 85	'U'
   010D 88                  316 	.db #0x88	; 136
   010E FF                  317 	.db #0xff	; 255
   010F 00                  318 	.db #0x00	; 0
   0110 AA                  319 	.db #0xaa	; 170
   0111 44                  320 	.db #0x44	; 68	'D'
   0112 55                  321 	.db #0x55	; 85	'U'
   0113 20                  322 	.db #0x20	; 32
   0114 FF                  323 	.db #0xff	; 255
   0115 00                  324 	.db #0x00	; 0
   0116 AA                  325 	.db #0xaa	; 170
   0117 10                  326 	.db #0x10	; 16
   0118 AA                  327 	.db #0xaa	; 170
   0119 44                  328 	.db #0x44	; 68	'D'
   011A FF                  329 	.db #0xff	; 255
   011B 00                  330 	.db #0x00	; 0
   011C FF                  331 	.db #0xff	; 255
   011D 00                  332 	.db #0x00	; 0
   011E FF                  333 	.db #0xff	; 255
   011F 00                  334 	.db #0x00	; 0
   0120 FF                  335 	.db #0xff	; 255
   0121 00                  336 	.db #0x00	; 0
   0122 FF                  337 	.db #0xff	; 255
   0123 00                  338 	.db #0x00	; 0
   0124 FF                  339 	.db #0xff	; 255
   0125 00                  340 	.db #0x00	; 0
   0126 FF                  341 	.db #0xff	; 255
   0127 00                  342 	.db #0x00	; 0
   0128 FF                  343 	.db #0xff	; 255
   0129 00                  344 	.db #0x00	; 0
   012A FF                  345 	.db #0xff	; 255
   012B 00                  346 	.db #0x00	; 0
   012C 55                  347 	.db #0x55	; 85	'U'
   012D 88                  348 	.db #0x88	; 136
   012E FF                  349 	.db #0xff	; 255
   012F 00                  350 	.db #0x00	; 0
   0130 AA                  351 	.db #0xaa	; 170
   0131 10                  352 	.db #0x10	; 16
   0132 55                  353 	.db #0x55	; 85	'U'
   0133 20                  354 	.db #0x20	; 32
   0134 FF                  355 	.db #0xff	; 255
   0135 00                  356 	.db #0x00	; 0
   0136 AA                  357 	.db #0xaa	; 170
   0137 10                  358 	.db #0x10	; 16
   0138 00                  359 	.db #0x00	; 0
   0139 30                  360 	.db #0x30	; 48	'0'
   013A FF                  361 	.db #0xff	; 255
   013B 00                  362 	.db #0x00	; 0
   013C FF                  363 	.db #0xff	; 255
   013D 00                  364 	.db #0x00	; 0
   013E FF                  365 	.db #0xff	; 255
   013F 00                  366 	.db #0x00	; 0
   0140 FF                  367 	.db #0xff	; 255
   0141 00                  368 	.db #0x00	; 0
   0142 FF                  369 	.db #0xff	; 255
   0143 00                  370 	.db #0x00	; 0
   0144 FF                  371 	.db #0xff	; 255
   0145 00                  372 	.db #0x00	; 0
   0146 FF                  373 	.db #0xff	; 255
   0147 00                  374 	.db #0x00	; 0
   0148 FF                  375 	.db #0xff	; 255
   0149 00                  376 	.db #0x00	; 0
   014A FF                  377 	.db #0xff	; 255
   014B 00                  378 	.db #0x00	; 0
   014C 55                  379 	.db #0x55	; 85	'U'
   014D 88                  380 	.db #0x88	; 136
   014E FF                  381 	.db #0xff	; 255
   014F 00                  382 	.db #0x00	; 0
   0150 00                  383 	.db #0x00	; 0
   0151 98                  384 	.db #0x98	; 152
   0152 00                  385 	.db #0x00	; 0
   0153 64                  386 	.db #0x64	; 100	'd'
   0154 FF                  387 	.db #0xff	; 255
   0155 00                  388 	.db #0x00	; 0
   0156 00                  389 	.db #0x00	; 0
   0157 30                  390 	.db #0x30	; 48	'0'
   0158 00                  391 	.db #0x00	; 0
   0159 30                  392 	.db #0x30	; 48	'0'
   015A FF                  393 	.db #0xff	; 255
   015B 00                  394 	.db #0x00	; 0
   015C 00                  395 	.db #0x00	; 0
   015D 30                  396 	.db #0x30	; 48	'0'
   015E FF                  397 	.db #0xff	; 255
   015F 00                  398 	.db #0x00	; 0
   0160 FF                  399 	.db #0xff	; 255
   0161 00                  400 	.db #0x00	; 0
   0162 FF                  401 	.db #0xff	; 255
   0163 00                  402 	.db #0x00	; 0
   0164 FF                  403 	.db #0xff	; 255
   0165 00                  404 	.db #0x00	; 0
   0166 FF                  405 	.db #0xff	; 255
   0167 00                  406 	.db #0x00	; 0
   0168 FF                  407 	.db #0xff	; 255
   0169 00                  408 	.db #0x00	; 0
   016A FF                  409 	.db #0xff	; 255
   016B 00                  410 	.db #0x00	; 0
   016C 00                  411 	.db #0x00	; 0
   016D CC                  412 	.db #0xcc	; 204
   016E FF                  413 	.db #0xff	; 255
   016F 00                  414 	.db #0x00	; 0
   0170 00                  415 	.db #0x00	; 0
   0171 30                  416 	.db #0x30	; 48	'0'
   0172 00                  417 	.db #0x00	; 0
   0173 30                  418 	.db #0x30	; 48	'0'
   0174 00                  419 	.db #0x00	; 0
   0175 30                  420 	.db #0x30	; 48	'0'
   0176 00                  421 	.db #0x00	; 0
   0177 30                  422 	.db #0x30	; 48	'0'
   0178 00                  423 	.db #0x00	; 0
   0179 60                  424 	.db #0x60	; 96
   017A FF                  425 	.db #0xff	; 255
   017B 00                  426 	.db #0x00	; 0
   017C AA                  427 	.db #0xaa	; 170
   017D 10                  428 	.db #0x10	; 16
   017E FF                  429 	.db #0xff	; 255
   017F 00                  430 	.db #0x00	; 0
   0180 FF                  431 	.db #0xff	; 255
   0181 00                  432 	.db #0x00	; 0
   0182 FF                  433 	.db #0xff	; 255
   0183 00                  434 	.db #0x00	; 0
   0184 FF                  435 	.db #0xff	; 255
   0185 00                  436 	.db #0x00	; 0
   0186 FF                  437 	.db #0xff	; 255
   0187 00                  438 	.db #0x00	; 0
   0188 FF                  439 	.db #0xff	; 255
   0189 00                  440 	.db #0x00	; 0
   018A FF                  441 	.db #0xff	; 255
   018B 00                  442 	.db #0x00	; 0
   018C AA                  443 	.db #0xaa	; 170
   018D 44                  444 	.db #0x44	; 68	'D'
   018E 00                  445 	.db #0x00	; 0
   018F 30                  446 	.db #0x30	; 48	'0'
   0190 00                  447 	.db #0x00	; 0
   0191 30                  448 	.db #0x30	; 48	'0'
   0192 00                  449 	.db #0x00	; 0
   0193 30                  450 	.db #0x30	; 48	'0'
   0194 00                  451 	.db #0x00	; 0
   0195 30                  452 	.db #0x30	; 48	'0'
   0196 00                  453 	.db #0x00	; 0
   0197 30                  454 	.db #0x30	; 48	'0'
   0198 00                  455 	.db #0x00	; 0
   0199 30                  456 	.db #0x30	; 48	'0'
   019A AA                  457 	.db #0xaa	; 170
   019B 10                  458 	.db #0x10	; 16
   019C 00                  459 	.db #0x00	; 0
   019D 30                  460 	.db #0x30	; 48	'0'
   019E FF                  461 	.db #0xff	; 255
   019F 00                  462 	.db #0x00	; 0
   01A0 FF                  463 	.db #0xff	; 255
   01A1 00                  464 	.db #0x00	; 0
   01A2 FF                  465 	.db #0xff	; 255
   01A3 00                  466 	.db #0x00	; 0
   01A4 FF                  467 	.db #0xff	; 255
   01A5 00                  468 	.db #0x00	; 0
   01A6 FF                  469 	.db #0xff	; 255
   01A7 00                  470 	.db #0x00	; 0
   01A8 FF                  471 	.db #0xff	; 255
   01A9 00                  472 	.db #0x00	; 0
   01AA FF                  473 	.db #0xff	; 255
   01AB 00                  474 	.db #0x00	; 0
   01AC AA                  475 	.db #0xaa	; 170
   01AD 44                  476 	.db #0x44	; 68	'D'
   01AE 00                  477 	.db #0x00	; 0
   01AF 30                  478 	.db #0x30	; 48	'0'
   01B0 00                  479 	.db #0x00	; 0
   01B1 30                  480 	.db #0x30	; 48	'0'
   01B2 00                  481 	.db #0x00	; 0
   01B3 30                  482 	.db #0x30	; 48	'0'
   01B4 00                  483 	.db #0x00	; 0
   01B5 90                  484 	.db #0x90	; 144
   01B6 00                  485 	.db #0x00	; 0
   01B7 30                  486 	.db #0x30	; 48	'0'
   01B8 55                  487 	.db #0x55	; 85	'U'
   01B9 20                  488 	.db #0x20	; 32
   01BA AA                  489 	.db #0xaa	; 170
   01BB 10                  490 	.db #0x10	; 16
   01BC 00                  491 	.db #0x00	; 0
   01BD 30                  492 	.db #0x30	; 48	'0'
   01BE FF                  493 	.db #0xff	; 255
   01BF 00                  494 	.db #0x00	; 0
   01C0 FF                  495 	.db #0xff	; 255
   01C1 00                  496 	.db #0x00	; 0
   01C2 FF                  497 	.db #0xff	; 255
   01C3 00                  498 	.db #0x00	; 0
   01C4 FF                  499 	.db #0xff	; 255
   01C5 00                  500 	.db #0x00	; 0
   01C6 FF                  501 	.db #0xff	; 255
   01C7 00                  502 	.db #0x00	; 0
   01C8 FF                  503 	.db #0xff	; 255
   01C9 00                  504 	.db #0x00	; 0
   01CA FF                  505 	.db #0xff	; 255
   01CB 00                  506 	.db #0x00	; 0
   01CC FF                  507 	.db #0xff	; 255
   01CD 00                  508 	.db #0x00	; 0
   01CE 00                  509 	.db #0x00	; 0
   01CF 30                  510 	.db #0x30	; 48	'0'
   01D0 00                  511 	.db #0x00	; 0
   01D1 90                  512 	.db #0x90	; 144
   01D2 00                  513 	.db #0x00	; 0
   01D3 30                  514 	.db #0x30	; 48	'0'
   01D4 00                  515 	.db #0x00	; 0
   01D5 F0                  516 	.db #0xf0	; 240
   01D6 00                  517 	.db #0x00	; 0
   01D7 30                  518 	.db #0x30	; 48	'0'
   01D8 00                  519 	.db #0x00	; 0
   01D9 30                  520 	.db #0x30	; 48	'0'
   01DA 00                  521 	.db #0x00	; 0
   01DB 30                  522 	.db #0x30	; 48	'0'
   01DC 00                  523 	.db #0x00	; 0
   01DD 30                  524 	.db #0x30	; 48	'0'
   01DE 55                  525 	.db #0x55	; 85	'U'
   01DF 20                  526 	.db #0x20	; 32
   01E0 FF                  527 	.db #0xff	; 255
   01E1 00                  528 	.db #0x00	; 0
   01E2 FF                  529 	.db #0xff	; 255
   01E3 00                  530 	.db #0x00	; 0
   01E4 FF                  531 	.db #0xff	; 255
   01E5 00                  532 	.db #0x00	; 0
   01E6 FF                  533 	.db #0xff	; 255
   01E7 00                  534 	.db #0x00	; 0
   01E8 FF                  535 	.db #0xff	; 255
   01E9 00                  536 	.db #0x00	; 0
   01EA FF                  537 	.db #0xff	; 255
   01EB 00                  538 	.db #0x00	; 0
   01EC FF                  539 	.db #0xff	; 255
   01ED 00                  540 	.db #0x00	; 0
   01EE AA                  541 	.db #0xaa	; 170
   01EF 10                  542 	.db #0x10	; 16
   01F0 00                  543 	.db #0x00	; 0
   01F1 30                  544 	.db #0x30	; 48	'0'
   01F2 00                  545 	.db #0x00	; 0
   01F3 90                  546 	.db #0x90	; 144
   01F4 00                  547 	.db #0x00	; 0
   01F5 30                  548 	.db #0x30	; 48	'0'
   01F6 00                  549 	.db #0x00	; 0
   01F7 30                  550 	.db #0x30	; 48	'0'
   01F8 00                  551 	.db #0x00	; 0
   01F9 30                  552 	.db #0x30	; 48	'0'
   01FA 00                  553 	.db #0x00	; 0
   01FB 30                  554 	.db #0x30	; 48	'0'
   01FC 00                  555 	.db #0x00	; 0
   01FD 30                  556 	.db #0x30	; 48	'0'
   01FE 00                  557 	.db #0x00	; 0
   01FF 30                  558 	.db #0x30	; 48	'0'
   0200 FF                  559 	.db #0xff	; 255
   0201 00                  560 	.db #0x00	; 0
   0202 FF                  561 	.db #0xff	; 255
   0203 00                  562 	.db #0x00	; 0
   0204 FF                  563 	.db #0xff	; 255
   0205 00                  564 	.db #0x00	; 0
   0206 FF                  565 	.db #0xff	; 255
   0207 00                  566 	.db #0x00	; 0
   0208 FF                  567 	.db #0xff	; 255
   0209 00                  568 	.db #0x00	; 0
   020A FF                  569 	.db #0xff	; 255
   020B 00                  570 	.db #0x00	; 0
   020C FF                  571 	.db #0xff	; 255
   020D 00                  572 	.db #0x00	; 0
   020E FF                  573 	.db #0xff	; 255
   020F 00                  574 	.db #0x00	; 0
   0210 FF                  575 	.db #0xff	; 255
   0211 00                  576 	.db #0x00	; 0
   0212 00                  577 	.db #0x00	; 0
   0213 30                  578 	.db #0x30	; 48	'0'
   0214 00                  579 	.db #0x00	; 0
   0215 30                  580 	.db #0x30	; 48	'0'
   0216 00                  581 	.db #0x00	; 0
   0217 30                  582 	.db #0x30	; 48	'0'
   0218 00                  583 	.db #0x00	; 0
   0219 30                  584 	.db #0x30	; 48	'0'
   021A FF                  585 	.db #0xff	; 255
   021B 00                  586 	.db #0x00	; 0
   021C 00                  587 	.db #0x00	; 0
   021D 30                  588 	.db #0x30	; 48	'0'
   021E 00                  589 	.db #0x00	; 0
   021F 30                  590 	.db #0x30	; 48	'0'
   0220 FF                  591 	.db #0xff	; 255
   0221 00                  592 	.db #0x00	; 0
   0222 FF                  593 	.db #0xff	; 255
   0223 00                  594 	.db #0x00	; 0
   0224 FF                  595 	.db #0xff	; 255
   0225 00                  596 	.db #0x00	; 0
   0226 FF                  597 	.db #0xff	; 255
   0227 00                  598 	.db #0x00	; 0
   0228 FF                  599 	.db #0xff	; 255
   0229 00                  600 	.db #0x00	; 0
   022A FF                  601 	.db #0xff	; 255
   022B 00                  602 	.db #0x00	; 0
   022C FF                  603 	.db #0xff	; 255
   022D 00                  604 	.db #0x00	; 0
   022E FF                  605 	.db #0xff	; 255
   022F 00                  606 	.db #0x00	; 0
   0230 AA                  607 	.db #0xaa	; 170
   0231 10                  608 	.db #0x10	; 16
   0232 00                  609 	.db #0x00	; 0
   0233 30                  610 	.db #0x30	; 48	'0'
   0234 00                  611 	.db #0x00	; 0
   0235 30                  612 	.db #0x30	; 48	'0'
   0236 55                  613 	.db #0x55	; 85	'U'
   0237 20                  614 	.db #0x20	; 32
   0238 FF                  615 	.db #0xff	; 255
   0239 00                  616 	.db #0x00	; 0
   023A FF                  617 	.db #0xff	; 255
   023B 00                  618 	.db #0x00	; 0
   023C FF                  619 	.db #0xff	; 255
   023D 00                  620 	.db #0x00	; 0
   023E 00                  621 	.db #0x00	; 0
   023F 30                  622 	.db #0x30	; 48	'0'
   0240 FF                  623 	.db #0xff	; 255
   0241 00                  624 	.db #0x00	; 0
   0242 FF                  625 	.db #0xff	; 255
   0243 00                  626 	.db #0x00	; 0
   0244 FF                  627 	.db #0xff	; 255
   0245 00                  628 	.db #0x00	; 0
   0246 FF                  629 	.db #0xff	; 255
   0247 00                  630 	.db #0x00	; 0
   0248 FF                  631 	.db #0xff	; 255
   0249 00                  632 	.db #0x00	; 0
   024A FF                  633 	.db #0xff	; 255
   024B 00                  634 	.db #0x00	; 0
   024C FF                  635 	.db #0xff	; 255
   024D 00                  636 	.db #0x00	; 0
   024E AA                  637 	.db #0xaa	; 170
   024F 10                  638 	.db #0x10	; 16
   0250 00                  639 	.db #0x00	; 0
   0251 30                  640 	.db #0x30	; 48	'0'
   0252 00                  641 	.db #0x00	; 0
   0253 30                  642 	.db #0x30	; 48	'0'
   0254 00                  643 	.db #0x00	; 0
   0255 30                  644 	.db #0x30	; 48	'0'
   0256 00                  645 	.db #0x00	; 0
   0257 30                  646 	.db #0x30	; 48	'0'
   0258 FF                  647 	.db #0xff	; 255
   0259 00                  648 	.db #0x00	; 0
   025A FF                  649 	.db #0xff	; 255
   025B 00                  650 	.db #0x00	; 0
   025C FF                  651 	.db #0xff	; 255
   025D 00                  652 	.db #0x00	; 0
   025E FF                  653 	.db #0xff	; 255
   025F 00                  654 	.db #0x00	; 0
   0260 FF                  655 	.db #0xff	; 255
   0261 00                  656 	.db #0x00	; 0
   0262 FF                  657 	.db #0xff	; 255
   0263 00                  658 	.db #0x00	; 0
   0264 FF                  659 	.db #0xff	; 255
   0265 00                  660 	.db #0x00	; 0
   0266 FF                  661 	.db #0xff	; 255
   0267 00                  662 	.db #0x00	; 0
   0268 FF                  663 	.db #0xff	; 255
   0269 00                  664 	.db #0x00	; 0
   026A AA                  665 	.db #0xaa	; 170
   026B 10                  666 	.db #0x10	; 16
   026C 00                  667 	.db #0x00	; 0
   026D 30                  668 	.db #0x30	; 48	'0'
   026E 00                  669 	.db #0x00	; 0
   026F 30                  670 	.db #0x30	; 48	'0'
   0270 00                  671 	.db #0x00	; 0
   0271 30                  672 	.db #0x30	; 48	'0'
   0272 00                  673 	.db #0x00	; 0
   0273 30                  674 	.db #0x30	; 48	'0'
   0274 00                  675 	.db #0x00	; 0
   0275 30                  676 	.db #0x30	; 48	'0'
   0276 00                  677 	.db #0x00	; 0
   0277 30                  678 	.db #0x30	; 48	'0'
   0278 FF                  679 	.db #0xff	; 255
   0279 00                  680 	.db #0x00	; 0
   027A FF                  681 	.db #0xff	; 255
   027B 00                  682 	.db #0x00	; 0
   027C FF                  683 	.db #0xff	; 255
   027D 00                  684 	.db #0x00	; 0
   027E FF                  685 	.db #0xff	; 255
   027F 00                  686 	.db #0x00	; 0
   0280 FF                  687 	.db #0xff	; 255
   0281 00                  688 	.db #0x00	; 0
   0282 FF                  689 	.db #0xff	; 255
   0283 00                  690 	.db #0x00	; 0
   0284 FF                  691 	.db #0xff	; 255
   0285 00                  692 	.db #0x00	; 0
   0286 FF                  693 	.db #0xff	; 255
   0287 00                  694 	.db #0x00	; 0
   0288 FF                  695 	.db #0xff	; 255
   0289 00                  696 	.db #0x00	; 0
   028A FF                  697 	.db #0xff	; 255
   028B 00                  698 	.db #0x00	; 0
   028C 00                  699 	.db #0x00	; 0
   028D 30                  700 	.db #0x30	; 48	'0'
   028E 00                  701 	.db #0x00	; 0
   028F 30                  702 	.db #0x30	; 48	'0'
   0290 55                  703 	.db #0x55	; 85	'U'
   0291 20                  704 	.db #0x20	; 32
   0292 00                  705 	.db #0x00	; 0
   0293 30                  706 	.db #0x30	; 48	'0'
   0294 00                  707 	.db #0x00	; 0
   0295 30                  708 	.db #0x30	; 48	'0'
   0296 00                  709 	.db #0x00	; 0
   0297 30                  710 	.db #0x30	; 48	'0'
   0298 55                  711 	.db #0x55	; 85	'U'
   0299 20                  712 	.db #0x20	; 32
   029A FF                  713 	.db #0xff	; 255
   029B 00                  714 	.db #0x00	; 0
   029C FF                  715 	.db #0xff	; 255
   029D 00                  716 	.db #0x00	; 0
   029E FF                  717 	.db #0xff	; 255
   029F 00                  718 	.db #0x00	; 0
   02A0 FF                  719 	.db #0xff	; 255
   02A1 00                  720 	.db #0x00	; 0
   02A2 FF                  721 	.db #0xff	; 255
   02A3 00                  722 	.db #0x00	; 0
   02A4 FF                  723 	.db #0xff	; 255
   02A5 00                  724 	.db #0x00	; 0
   02A6 FF                  725 	.db #0xff	; 255
   02A7 00                  726 	.db #0x00	; 0
   02A8 FF                  727 	.db #0xff	; 255
   02A9 00                  728 	.db #0x00	; 0
   02AA FF                  729 	.db #0xff	; 255
   02AB 00                  730 	.db #0x00	; 0
   02AC 00                  731 	.db #0x00	; 0
   02AD 30                  732 	.db #0x30	; 48	'0'
   02AE 00                  733 	.db #0x00	; 0
   02AF 30                  734 	.db #0x30	; 48	'0'
   02B0 AA                  735 	.db #0xaa	; 170
   02B1 10                  736 	.db #0x10	; 16
   02B2 AA                  737 	.db #0xaa	; 170
   02B3 10                  738 	.db #0x10	; 16
   02B4 00                  739 	.db #0x00	; 0
   02B5 30                  740 	.db #0x30	; 48	'0'
   02B6 00                  741 	.db #0x00	; 0
   02B7 30                  742 	.db #0x30	; 48	'0'
   02B8 00                  743 	.db #0x00	; 0
   02B9 CC                  744 	.db #0xcc	; 204
   02BA FF                  745 	.db #0xff	; 255
   02BB 00                  746 	.db #0x00	; 0
   02BC FF                  747 	.db #0xff	; 255
   02BD 00                  748 	.db #0x00	; 0
   02BE FF                  749 	.db #0xff	; 255
   02BF 00                  750 	.db #0x00	; 0
   02C0 FF                  751 	.db #0xff	; 255
   02C1 00                  752 	.db #0x00	; 0
   02C2 FF                  753 	.db #0xff	; 255
   02C3 00                  754 	.db #0x00	; 0
   02C4 FF                  755 	.db #0xff	; 255
   02C5 00                  756 	.db #0x00	; 0
   02C6 FF                  757 	.db #0xff	; 255
   02C7 00                  758 	.db #0x00	; 0
   02C8 FF                  759 	.db #0xff	; 255
   02C9 00                  760 	.db #0x00	; 0
   02CA FF                  761 	.db #0xff	; 255
   02CB 00                  762 	.db #0x00	; 0
   02CC 00                  763 	.db #0x00	; 0
   02CD 30                  764 	.db #0x30	; 48	'0'
   02CE 00                  765 	.db #0x00	; 0
   02CF 30                  766 	.db #0x30	; 48	'0'
   02D0 AA                  767 	.db #0xaa	; 170
   02D1 10                  768 	.db #0x10	; 16
   02D2 FF                  769 	.db #0xff	; 255
   02D3 00                  770 	.db #0x00	; 0
   02D4 00                  771 	.db #0x00	; 0
   02D5 CC                  772 	.db #0xcc	; 204
   02D6 55                  773 	.db #0x55	; 85	'U'
   02D7 88                  774 	.db #0x88	; 136
   02D8 AA                  775 	.db #0xaa	; 170
   02D9 44                  776 	.db #0x44	; 68	'D'
   02DA FF                  777 	.db #0xff	; 255
   02DB 00                  778 	.db #0x00	; 0
   02DC FF                  779 	.db #0xff	; 255
   02DD 00                  780 	.db #0x00	; 0
   02DE FF                  781 	.db #0xff	; 255
   02DF 00                  782 	.db #0x00	; 0
   02E0 FF                  783 	.db #0xff	; 255
   02E1 00                  784 	.db #0x00	; 0
   02E2 FF                  785 	.db #0xff	; 255
   02E3 00                  786 	.db #0x00	; 0
   02E4 FF                  787 	.db #0xff	; 255
   02E5 00                  788 	.db #0x00	; 0
   02E6 FF                  789 	.db #0xff	; 255
   02E7 00                  790 	.db #0x00	; 0
   02E8 FF                  791 	.db #0xff	; 255
   02E9 00                  792 	.db #0x00	; 0
   02EA AA                  793 	.db #0xaa	; 170
   02EB 10                  794 	.db #0x10	; 16
   02EC 00                  795 	.db #0x00	; 0
   02ED 30                  796 	.db #0x30	; 48	'0'
   02EE 55                  797 	.db #0x55	; 85	'U'
   02EF 20                  798 	.db #0x20	; 32
   02F0 AA                  799 	.db #0xaa	; 170
   02F1 44                  800 	.db #0x44	; 68	'D'
   02F2 FF                  801 	.db #0xff	; 255
   02F3 00                  802 	.db #0x00	; 0
   02F4 FF                  803 	.db #0xff	; 255
   02F5 00                  804 	.db #0x00	; 0
   02F6 FF                  805 	.db #0xff	; 255
   02F7 00                  806 	.db #0x00	; 0
   02F8 00                  807 	.db #0x00	; 0
   02F9 CC                  808 	.db #0xcc	; 204
   02FA FF                  809 	.db #0xff	; 255
   02FB 00                  810 	.db #0x00	; 0
   02FC FF                  811 	.db #0xff	; 255
   02FD 00                  812 	.db #0x00	; 0
   02FE FF                  813 	.db #0xff	; 255
   02FF 00                  814 	.db #0x00	; 0
   0300 FF                  815 	.db #0xff	; 255
   0301 00                  816 	.db #0x00	; 0
   0302 FF                  817 	.db #0xff	; 255
   0303 00                  818 	.db #0x00	; 0
   0304 FF                  819 	.db #0xff	; 255
   0305 00                  820 	.db #0x00	; 0
   0306 FF                  821 	.db #0xff	; 255
   0307 00                  822 	.db #0x00	; 0
   0308 FF                  823 	.db #0xff	; 255
   0309 00                  824 	.db #0x00	; 0
   030A AA                  825 	.db #0xaa	; 170
   030B 10                  826 	.db #0x10	; 16
   030C 00                  827 	.db #0x00	; 0
   030D 30                  828 	.db #0x30	; 48	'0'
   030E 55                  829 	.db #0x55	; 85	'U'
   030F 20                  830 	.db #0x20	; 32
   0310 FF                  831 	.db #0xff	; 255
   0311 00                  832 	.db #0x00	; 0
   0312 55                  833 	.db #0x55	; 85	'U'
   0313 88                  834 	.db #0x88	; 136
   0314 AA                  835 	.db #0xaa	; 170
   0315 44                  836 	.db #0x44	; 68	'D'
   0316 00                  837 	.db #0x00	; 0
   0317 CC                  838 	.db #0xcc	; 204
   0318 00                  839 	.db #0x00	; 0
   0319 CC                  840 	.db #0xcc	; 204
   031A FF                  841 	.db #0xff	; 255
   031B 00                  842 	.db #0x00	; 0
   031C FF                  843 	.db #0xff	; 255
   031D 00                  844 	.db #0x00	; 0
   031E FF                  845 	.db #0xff	; 255
   031F 00                  846 	.db #0x00	; 0
   0320 FF                  847 	.db #0xff	; 255
   0321 00                  848 	.db #0x00	; 0
   0322 FF                  849 	.db #0xff	; 255
   0323 00                  850 	.db #0x00	; 0
   0324 FF                  851 	.db #0xff	; 255
   0325 00                  852 	.db #0x00	; 0
   0326 FF                  853 	.db #0xff	; 255
   0327 00                  854 	.db #0x00	; 0
   0328 FF                  855 	.db #0xff	; 255
   0329 00                  856 	.db #0x00	; 0
   032A AA                  857 	.db #0xaa	; 170
   032B 10                  858 	.db #0x10	; 16
   032C 00                  859 	.db #0x00	; 0
   032D 30                  860 	.db #0x30	; 48	'0'
   032E AA                  861 	.db #0xaa	; 170
   032F 44                  862 	.db #0x44	; 68	'D'
   0330 00                  863 	.db #0x00	; 0
   0331 CC                  864 	.db #0xcc	; 204
   0332 55                  865 	.db #0x55	; 85	'U'
   0333 88                  866 	.db #0x88	; 136
   0334 AA                  867 	.db #0xaa	; 170
   0335 44                  868 	.db #0x44	; 68	'D'
   0336 00                  869 	.db #0x00	; 0
   0337 CC                  870 	.db #0xcc	; 204
   0338 AA                  871 	.db #0xaa	; 170
   0339 44                  872 	.db #0x44	; 68	'D'
   033A 55                  873 	.db #0x55	; 85	'U'
   033B 88                  874 	.db #0x88	; 136
   033C FF                  875 	.db #0xff	; 255
   033D 00                  876 	.db #0x00	; 0
   033E FF                  877 	.db #0xff	; 255
   033F 00                  878 	.db #0x00	; 0
   0340 FF                  879 	.db #0xff	; 255
   0341 00                  880 	.db #0x00	; 0
   0342 FF                  881 	.db #0xff	; 255
   0343 00                  882 	.db #0x00	; 0
   0344 FF                  883 	.db #0xff	; 255
   0345 00                  884 	.db #0x00	; 0
   0346 FF                  885 	.db #0xff	; 255
   0347 00                  886 	.db #0x00	; 0
   0348 FF                  887 	.db #0xff	; 255
   0349 00                  888 	.db #0x00	; 0
   034A FF                  889 	.db #0xff	; 255
   034B 00                  890 	.db #0x00	; 0
   034C 00                  891 	.db #0x00	; 0
   034D 30                  892 	.db #0x30	; 48	'0'
   034E 55                  893 	.db #0x55	; 85	'U'
   034F 88                  894 	.db #0x88	; 136
   0350 AA                  895 	.db #0xaa	; 170
   0351 44                  896 	.db #0x44	; 68	'D'
   0352 FF                  897 	.db #0xff	; 255
   0353 00                  898 	.db #0x00	; 0
   0354 AA                  899 	.db #0xaa	; 170
   0355 44                  900 	.db #0x44	; 68	'D'
   0356 AA                  901 	.db #0xaa	; 170
   0357 44                  902 	.db #0x44	; 68	'D'
   0358 00                  903 	.db #0x00	; 0
   0359 CC                  904 	.db #0xcc	; 204
   035A AA                  905 	.db #0xaa	; 170
   035B 44                  906 	.db #0x44	; 68	'D'
   035C FF                  907 	.db #0xff	; 255
   035D 00                  908 	.db #0x00	; 0
   035E FF                  909 	.db #0xff	; 255
   035F 00                  910 	.db #0x00	; 0
   0360 FF                  911 	.db #0xff	; 255
   0361 00                  912 	.db #0x00	; 0
   0362 FF                  913 	.db #0xff	; 255
   0363 00                  914 	.db #0x00	; 0
   0364 FF                  915 	.db #0xff	; 255
   0365 00                  916 	.db #0x00	; 0
   0366 FF                  917 	.db #0xff	; 255
   0367 00                  918 	.db #0x00	; 0
   0368 FF                  919 	.db #0xff	; 255
   0369 00                  920 	.db #0x00	; 0
   036A FF                  921 	.db #0xff	; 255
   036B 00                  922 	.db #0x00	; 0
   036C FF                  923 	.db #0xff	; 255
   036D 00                  924 	.db #0x00	; 0
   036E 55                  925 	.db #0x55	; 85	'U'
   036F 88                  926 	.db #0x88	; 136
   0370 FF                  927 	.db #0xff	; 255
   0371 00                  928 	.db #0x00	; 0
   0372 FF                  929 	.db #0xff	; 255
   0373 00                  930 	.db #0x00	; 0
   0374 00                  931 	.db #0x00	; 0
   0375 CC                  932 	.db #0xcc	; 204
   0376 FF                  933 	.db #0xff	; 255
   0377 00                  934 	.db #0x00	; 0
   0378 FF                  935 	.db #0xff	; 255
   0379 00                  936 	.db #0x00	; 0
   037A FF                  937 	.db #0xff	; 255
   037B 00                  938 	.db #0x00	; 0
   037C 55                  939 	.db #0x55	; 85	'U'
   037D 88                  940 	.db #0x88	; 136
   037E FF                  941 	.db #0xff	; 255
   037F 00                  942 	.db #0x00	; 0
   0380 FF                  943 	.db #0xff	; 255
   0381 00                  944 	.db #0x00	; 0
   0382 FF                  945 	.db #0xff	; 255
   0383 00                  946 	.db #0x00	; 0
   0384 FF                  947 	.db #0xff	; 255
   0385 00                  948 	.db #0x00	; 0
   0386 FF                  949 	.db #0xff	; 255
   0387 00                  950 	.db #0x00	; 0
   0388 FF                  951 	.db #0xff	; 255
   0389 00                  952 	.db #0x00	; 0
   038A FF                  953 	.db #0xff	; 255
   038B 00                  954 	.db #0x00	; 0
   038C 00                  955 	.db #0x00	; 0
   038D CC                  956 	.db #0xcc	; 204
   038E 55                  957 	.db #0x55	; 85	'U'
   038F 88                  958 	.db #0x88	; 136
   0390 FF                  959 	.db #0xff	; 255
   0391 00                  960 	.db #0x00	; 0
   0392 FF                  961 	.db #0xff	; 255
   0393 00                  962 	.db #0x00	; 0
   0394 FF                  963 	.db #0xff	; 255
   0395 00                  964 	.db #0x00	; 0
   0396 AA                  965 	.db #0xaa	; 170
   0397 44                  966 	.db #0x44	; 68	'D'
   0398 FF                  967 	.db #0xff	; 255
   0399 00                  968 	.db #0x00	; 0
   039A FF                  969 	.db #0xff	; 255
   039B 00                  970 	.db #0x00	; 0
   039C 55                  971 	.db #0x55	; 85	'U'
   039D 88                  972 	.db #0x88	; 136
   039E FF                  973 	.db #0xff	; 255
   039F 00                  974 	.db #0x00	; 0
   03A0 FF                  975 	.db #0xff	; 255
   03A1 00                  976 	.db #0x00	; 0
   03A2 FF                  977 	.db #0xff	; 255
   03A3 00                  978 	.db #0x00	; 0
   03A4 FF                  979 	.db #0xff	; 255
   03A5 00                  980 	.db #0x00	; 0
   03A6 FF                  981 	.db #0xff	; 255
   03A7 00                  982 	.db #0x00	; 0
   03A8 FF                  983 	.db #0xff	; 255
   03A9 00                  984 	.db #0x00	; 0
   03AA FF                  985 	.db #0xff	; 255
   03AB 00                  986 	.db #0x00	; 0
   03AC AA                  987 	.db #0xaa	; 170
   03AD 44                  988 	.db #0x44	; 68	'D'
   03AE 55                  989 	.db #0x55	; 85	'U'
   03AF 88                  990 	.db #0x88	; 136
   03B0 FF                  991 	.db #0xff	; 255
   03B1 00                  992 	.db #0x00	; 0
   03B2 FF                  993 	.db #0xff	; 255
   03B3 00                  994 	.db #0x00	; 0
   03B4 FF                  995 	.db #0xff	; 255
   03B5 00                  996 	.db #0x00	; 0
   03B6 AA                  997 	.db #0xaa	; 170
   03B7 44                  998 	.db #0x44	; 68	'D'
   03B8 55                  999 	.db #0x55	; 85	'U'
   03B9 88                 1000 	.db #0x88	; 136
   03BA AA                 1001 	.db #0xaa	; 170
   03BB 44                 1002 	.db #0x44	; 68	'D'
   03BC 55                 1003 	.db #0x55	; 85	'U'
   03BD 88                 1004 	.db #0x88	; 136
   03BE FF                 1005 	.db #0xff	; 255
   03BF 00                 1006 	.db #0x00	; 0
   03C0 FF                 1007 	.db #0xff	; 255
   03C1 00                 1008 	.db #0x00	; 0
   03C2 FF                 1009 	.db #0xff	; 255
   03C3 00                 1010 	.db #0x00	; 0
   03C4 FF                 1011 	.db #0xff	; 255
   03C5 00                 1012 	.db #0x00	; 0
   03C6 FF                 1013 	.db #0xff	; 255
   03C7 00                 1014 	.db #0x00	; 0
   03C8 FF                 1015 	.db #0xff	; 255
   03C9 00                 1016 	.db #0x00	; 0
   03CA FF                 1017 	.db #0xff	; 255
   03CB 00                 1018 	.db #0x00	; 0
   03CC FF                 1019 	.db #0xff	; 255
   03CD 00                 1020 	.db #0x00	; 0
   03CE 00                 1021 	.db #0x00	; 0
   03CF CC                 1022 	.db #0xcc	; 204
   03D0 55                 1023 	.db #0x55	; 85	'U'
   03D1 88                 1024 	.db #0x88	; 136
   03D2 FF                 1025 	.db #0xff	; 255
   03D3 00                 1026 	.db #0x00	; 0
   03D4 FF                 1027 	.db #0xff	; 255
   03D5 00                 1028 	.db #0x00	; 0
   03D6 AA                 1029 	.db #0xaa	; 170
   03D7 44                 1030 	.db #0x44	; 68	'D'
   03D8 00                 1031 	.db #0x00	; 0
   03D9 CC                 1032 	.db #0xcc	; 204
   03DA 00                 1033 	.db #0x00	; 0
   03DB CC                 1034 	.db #0xcc	; 204
   03DC FF                 1035 	.db #0xff	; 255
   03DD 00                 1036 	.db #0x00	; 0
   03DE FF                 1037 	.db #0xff	; 255
   03DF 00                 1038 	.db #0x00	; 0
   03E0 FF                 1039 	.db #0xff	; 255
   03E1 00                 1040 	.db #0x00	; 0
   03E2 FF                 1041 	.db #0xff	; 255
   03E3 00                 1042 	.db #0x00	; 0
   03E4 FF                 1043 	.db #0xff	; 255
   03E5 00                 1044 	.db #0x00	; 0
   03E6 FF                 1045 	.db #0xff	; 255
   03E7 00                 1046 	.db #0x00	; 0
   03E8 FF                 1047 	.db #0xff	; 255
   03E9 00                 1048 	.db #0x00	; 0
   03EA FF                 1049 	.db #0xff	; 255
   03EB 00                 1050 	.db #0x00	; 0
   03EC FF                 1051 	.db #0xff	; 255
   03ED 00                 1052 	.db #0x00	; 0
   03EE FF                 1053 	.db #0xff	; 255
   03EF 00                 1054 	.db #0x00	; 0
   03F0 AA                 1055 	.db #0xaa	; 170
   03F1 44                 1056 	.db #0x44	; 68	'D'
   03F2 00                 1057 	.db #0x00	; 0
   03F3 CC                 1058 	.db #0xcc	; 204
   03F4 00                 1059 	.db #0x00	; 0
   03F5 CC                 1060 	.db #0xcc	; 204
   03F6 55                 1061 	.db #0x55	; 85	'U'
   03F7 88                 1062 	.db #0x88	; 136
   03F8 FF                 1063 	.db #0xff	; 255
   03F9 00                 1064 	.db #0x00	; 0
   03FA FF                 1065 	.db #0xff	; 255
   03FB 00                 1066 	.db #0x00	; 0
   03FC FF                 1067 	.db #0xff	; 255
   03FD 00                 1068 	.db #0x00	; 0
   03FE FF                 1069 	.db #0xff	; 255
   03FF 00                 1070 	.db #0x00	; 0
   0400 FF                 1071 	.db #0xff	; 255
   0401 00                 1072 	.db #0x00	; 0
   0402 FF                 1073 	.db #0xff	; 255
   0403 00                 1074 	.db #0x00	; 0
   0404 FF                 1075 	.db #0xff	; 255
   0405 00                 1076 	.db #0x00	; 0
                           1077 	.area _INITIALIZER
                           1078 	.area _CABS (ABS)
