                              1 ;--------------------------------------------------------
                              2 ; File Created by SDCC : free open source ANSI-C Compiler
                              3 ; Version 3.6.8 #9946 (Linux)
                              4 ;--------------------------------------------------------
                              5 	.module txt_scroll_hard
                              6 	.optsdcc -mz80
                              7 	
                              8 ;--------------------------------------------------------
                              9 ; Public variables in this module
                             10 ;--------------------------------------------------------
                             11 	.globl _scroll_hard
                             12 	.globl _draw_char
                             13 	.globl _cpct_getScreenPtr
                             14 	.globl _cpct_drawTileAligned2x8_f
                             15 	.globl _firstPlotScreen2
                             16 	.globl _c_screen3
                             17 	.globl _plot_screen2
                             18 	.globl _texte
                             19 ;--------------------------------------------------------
                             20 ; special function registers
                             21 ;--------------------------------------------------------
                             22 ;--------------------------------------------------------
                             23 ; ram data
                             24 ;--------------------------------------------------------
                             25 	.area _DATA
   0000                      26 _plot_screen2::
   0000                      27 	.ds 2
   0002                      28 _c_screen3::
   0002                      29 	.ds 1
                             30 ;--------------------------------------------------------
                             31 ; ram data
                             32 ;--------------------------------------------------------
                             33 	.area _INITIALIZED
   0000                      34 _firstPlotScreen2::
   0000                      35 	.ds 1
                             36 ;--------------------------------------------------------
                             37 ; absolute external ram data
                             38 ;--------------------------------------------------------
                             39 	.area _DABS (ABS)
                             40 ;--------------------------------------------------------
                             41 ; global & static initialisations
                             42 ;--------------------------------------------------------
                             43 	.area _HOME
                             44 	.area _GSINIT
                             45 	.area _GSFINAL
                             46 	.area _GSINIT
                             47 ;--------------------------------------------------------
                             48 ; Home
                             49 ;--------------------------------------------------------
                             50 	.area _HOME
                             51 	.area _HOME
                             52 ;--------------------------------------------------------
                             53 ; code
                             54 ;--------------------------------------------------------
                             55 	.area _CODE
                             56 ;src/txt_scroll_hard.c:16: u8 draw_char(u8 c, u8 ce2, u8* image, u8* plot) {
                             57 ;	---------------------------------
                             58 ; Function draw_char
                             59 ; ---------------------------------
   0000                      60 _draw_char::
   0000 DD E5         [15]   61 	push	ix
   0002 DD 21 00 00   [14]   62 	ld	ix,#0
   0006 DD 39         [15]   63 	add	ix,sp
                             64 ;src/txt_scroll_hard.c:24: u8 c_screen2=ce2;
   0008 DD 4E 05      [19]   65 	ld	c, 5 (ix)
                             66 ;src/txt_scroll_hard.c:25: last_plot=plot +80u*c+ 0x3801;
   000B DD 5E 04      [19]   67 	ld	e, 4 (ix)
   000E 16 00         [ 7]   68 	ld	d, #0x00
   0010 6B            [ 4]   69 	ld	l, e
   0011 62            [ 4]   70 	ld	h, d
   0012 29            [11]   71 	add	hl, hl
   0013 29            [11]   72 	add	hl, hl
   0014 19            [11]   73 	add	hl, de
   0015 29            [11]   74 	add	hl, hl
   0016 29            [11]   75 	add	hl, hl
   0017 29            [11]   76 	add	hl, hl
   0018 29            [11]   77 	add	hl, hl
   0019 EB            [ 4]   78 	ex	de,hl
   001A DD 6E 08      [19]   79 	ld	l,8 (ix)
   001D DD 66 09      [19]   80 	ld	h,9 (ix)
   0020 19            [11]   81 	add	hl, de
   0021 11 01 38      [10]   82 	ld	de, #0x3801
   0024 19            [11]   83 	add	hl, de
                             84 ;src/txt_scroll_hard.c:55: cpct_drawTileAligned2x8_f((u8*)image+(2*8)*c, p);
   0025 DD 5E 04      [19]   85 	ld	e, 4 (ix)
   0028 16 00         [ 7]   86 	ld	d, #0x00
   002A CB 23         [ 8]   87 	sla	e
   002C CB 12         [ 8]   88 	rl	d
   002E CB 23         [ 8]   89 	sla	e
   0030 CB 12         [ 8]   90 	rl	d
   0032 CB 23         [ 8]   91 	sla	e
   0034 CB 12         [ 8]   92 	rl	d
   0036 CB 23         [ 8]   93 	sla	e
   0038 CB 12         [ 8]   94 	rl	d
   003A DD 7E 06      [19]   95 	ld	a, 6 (ix)
   003D 83            [ 4]   96 	add	a, e
   003E 5F            [ 4]   97 	ld	e, a
   003F DD 7E 07      [19]   98 	ld	a, 7 (ix)
   0042 8A            [ 4]   99 	adc	a, d
   0043 57            [ 4]  100 	ld	d, a
                            101 ;src/txt_scroll_hard.c:27: if (last_plot>0xBFFF) {
   0044 3E FF         [ 7]  102 	ld	a, #0xff
   0046 BD            [ 4]  103 	cp	a, l
   0047 3E BF         [ 7]  104 	ld	a, #0xbf
   0049 9C            [ 4]  105 	sbc	a, h
   004A 30 40         [12]  106 	jr	NC,00106$
                            107 ;src/txt_scroll_hard.c:29: c_screen3=c;
   004C DD 46 04      [19]  108 	ld	b, 4 (ix)
                            109 ;src/txt_scroll_hard.c:28: if (c<c_screen3) {
   004F 21r02r00      [10]  110 	ld	hl, #_c_screen3
   0052 DD 7E 04      [19]  111 	ld	a, 4 (ix)
   0055 96            [ 7]  112 	sub	a, (hl)
   0056 30 0A         [12]  113 	jr	NC,00102$
                            114 ;src/txt_scroll_hard.c:29: c_screen3=c;
   0058 21r02r00      [10]  115 	ld	hl,#_c_screen3 + 0
   005B 70            [ 7]  116 	ld	(hl), b
                            117 ;src/txt_scroll_hard.c:30: plot_screen2=0x8000;
   005C 21 00 80      [10]  118 	ld	hl, #0x8000
   005F 22r00r00      [16]  119 	ld	(_plot_screen2), hl
   0062                     120 00102$:
                            121 ;src/txt_scroll_hard.c:32: if (c<c_screen2) {
   0062 DD 7E 04      [19]  122 	ld	a, 4 (ix)
   0065 91            [ 4]  123 	sub	a, c
   0066 30 01         [12]  124 	jr	NC,00104$
                            125 ;src/txt_scroll_hard.c:33: c_screen2=c;
   0068 48            [ 4]  126 	ld	c, b
   0069                     127 00104$:
                            128 ;src/txt_scroll_hard.c:35: p = cpct_getScreenPtr(plot_screen2, 0,8*(c-c_screen2));
   0069 DD 7E 04      [19]  129 	ld	a, 4 (ix)
   006C 91            [ 4]  130 	sub	a, c
   006D 07            [ 4]  131 	rlca
   006E 07            [ 4]  132 	rlca
   006F 07            [ 4]  133 	rlca
   0070 E6 F8         [ 7]  134 	and	a, #0xf8
   0072 47            [ 4]  135 	ld	b, a
   0073 FD 2Ar00r00   [20]  136 	ld	iy, (_plot_screen2)
   0077 C5            [11]  137 	push	bc
   0078 D5            [11]  138 	push	de
   0079 C5            [11]  139 	push	bc
   007A 33            [ 6]  140 	inc	sp
   007B AF            [ 4]  141 	xor	a, a
   007C F5            [11]  142 	push	af
   007D 33            [ 6]  143 	inc	sp
   007E FD E5         [15]  144 	push	iy
   0080 CDr00r00      [17]  145 	call	_cpct_getScreenPtr
   0083 D1            [10]  146 	pop	de
   0084 E5            [11]  147 	push	hl
   0085 D5            [11]  148 	push	de
   0086 CDr00r00      [17]  149 	call	_cpct_drawTileAligned2x8_f
   0089 C1            [10]  150 	pop	bc
   008A 18 22         [12]  151 	jr	00107$
   008C                     152 00106$:
                            153 ;src/txt_scroll_hard.c:76: p = cpct_getScreenPtr(plot, 0,8*c);
   008C DD 7E 04      [19]  154 	ld	a, 4 (ix)
   008F 07            [ 4]  155 	rlca
   0090 07            [ 4]  156 	rlca
   0091 07            [ 4]  157 	rlca
   0092 E6 F8         [ 7]  158 	and	a, #0xf8
   0094 67            [ 4]  159 	ld	h, a
   0095 DD 6E 08      [19]  160 	ld	l, 8 (ix)
   0098 DD 46 09      [19]  161 	ld	b, 9 (ix)
   009B C5            [11]  162 	push	bc
   009C D5            [11]  163 	push	de
   009D E5            [11]  164 	push	hl
   009E 33            [ 6]  165 	inc	sp
   009F AF            [ 4]  166 	xor	a, a
   00A0 F5            [11]  167 	push	af
   00A1 33            [ 6]  168 	inc	sp
   00A2 60            [ 4]  169 	ld	h, b
   00A3 E5            [11]  170 	push	hl
   00A4 CDr00r00      [17]  171 	call	_cpct_getScreenPtr
   00A7 D1            [10]  172 	pop	de
   00A8 E5            [11]  173 	push	hl
   00A9 D5            [11]  174 	push	de
   00AA CDr00r00      [17]  175 	call	_cpct_drawTileAligned2x8_f
   00AD C1            [10]  176 	pop	bc
   00AE                     177 00107$:
                            178 ;src/txt_scroll_hard.c:79: return c_screen2;
   00AE 69            [ 4]  179 	ld	l, c
   00AF DD E1         [14]  180 	pop	ix
   00B1 C9            [10]  181 	ret
                            182 ;src/txt_scroll_hard.c:90: void scroll_hard(u16 step, u8* screen_plot_address) {
                            183 ;	---------------------------------
                            184 ; Function scroll_hard
                            185 ; ---------------------------------
   00B2                     186 _scroll_hard::
   00B2 DD E5         [15]  187 	push	ix
   00B4 DD 21 00 00   [14]  188 	ld	ix,#0
   00B8 DD 39         [15]  189 	add	ix,sp
   00BA F5            [11]  190 	push	af
                            191 ;src/txt_scroll_hard.c:97: u8* plot=screen_plot_address;
   00BB DD 4E 06      [19]  192 	ld	c,6 (ix)
   00BE DD 46 07      [19]  193 	ld	b,7 (ix)
                            194 ;src/txt_scroll_hard.c:101: div=step/8;
   00C1 DD 5E 04      [19]  195 	ld	e,4 (ix)
   00C4 DD 56 05      [19]  196 	ld	d,5 (ix)
   00C7 CB 3A         [ 8]  197 	srl	d
   00C9 CB 1B         [ 8]  198 	rr	e
   00CB CB 3A         [ 8]  199 	srl	d
   00CD CB 1B         [ 8]  200 	rr	e
   00CF CB 3A         [ 8]  201 	srl	d
   00D1 CB 1B         [ 8]  202 	rr	e
                            203 ;src/txt_scroll_hard.c:102: mod=step%8;
   00D3 DD 7E 04      [19]  204 	ld	a, 4 (ix)
   00D6 E6 07         [ 7]  205 	and	a, #0x07
   00D8 DD 77 FE      [19]  206 	ld	-2 (ix), a
   00DB DD 36 FF 00   [19]  207 	ld	-1 (ix), #0x00
                            208 ;src/txt_scroll_hard.c:103: div=div%128;
   00DF CB BB         [ 8]  209 	res	7, e
   00E1 16 00         [ 7]  210 	ld	d, #0x00
                            211 ;src/txt_scroll_hard.c:104: if (texte[div]==' ') {
   00E3 21r81r01      [10]  212 	ld	hl, #_texte+0
   00E6 19            [11]  213 	add	hl, de
   00E7 5E            [ 7]  214 	ld	e, (hl)
   00E8 7B            [ 4]  215 	ld	a, e
   00E9 D6 20         [ 7]  216 	sub	a, #0x20
   00EB 20 05         [12]  217 	jr	NZ,00102$
                            218 ;src/txt_scroll_hard.c:105: o=0;
   00ED 11 00 00      [10]  219 	ld	de, #0x0000
   00F0 18 09         [12]  220 	jr	00103$
   00F2                     221 00102$:
                            222 ;src/txt_scroll_hard.c:107: o=texte[div]-'?';
   00F2 16 00         [ 7]  223 	ld	d, #0x00
   00F4 7B            [ 4]  224 	ld	a, e
   00F5 C6 C1         [ 7]  225 	add	a, #0xc1
   00F7 5F            [ 4]  226 	ld	e, a
   00F8 7A            [ 4]  227 	ld	a, d
   00F9 CE FF         [ 7]  228 	adc	a, #0xff
   00FB                     229 00103$:
                            230 ;src/txt_scroll_hard.c:110: pointeur=(u16)g_tile_fontmap32x32plat_000+o*8*(32*2)+mod*(32*2);
   00FB 21r00r00      [10]  231 	ld	hl, #_g_tile_fontmap32x32plat_000
   00FE 7B            [ 4]  232 	ld	a, e
   00FF 87            [ 4]  233 	add	a, a
   0100 57            [ 4]  234 	ld	d, a
   0101 1E 00         [ 7]  235 	ld	e, #0x00
   0103 19            [11]  236 	add	hl,de
   0104 EB            [ 4]  237 	ex	de,hl
   0105 E1            [10]  238 	pop	hl
   0106 E5            [11]  239 	push	hl
   0107 29            [11]  240 	add	hl, hl
   0108 29            [11]  241 	add	hl, hl
   0109 29            [11]  242 	add	hl, hl
   010A 29            [11]  243 	add	hl, hl
   010B 29            [11]  244 	add	hl, hl
   010C 29            [11]  245 	add	hl, hl
   010D 19            [11]  246 	add	hl,de
   010E EB            [ 4]  247 	ex	de,hl
                            248 ;src/txt_scroll_hard.c:112: ce2=draw_char(0,4,(u8*)pointeur, plot);
   010F C5            [11]  249 	push	bc
   0110 D5            [11]  250 	push	de
   0111 C5            [11]  251 	push	bc
   0112 D5            [11]  252 	push	de
   0113 21 00 04      [10]  253 	ld	hl, #0x0400
   0116 E5            [11]  254 	push	hl
   0117 CDr00r00      [17]  255 	call	_draw_char
   011A F1            [10]  256 	pop	af
   011B F1            [10]  257 	pop	af
   011C F1            [10]  258 	pop	af
   011D D1            [10]  259 	pop	de
   011E C1            [10]  260 	pop	bc
   011F 65            [ 4]  261 	ld	h, l
                            262 ;src/txt_scroll_hard.c:113: ce2=draw_char(1,ce2,(u8*)pointeur, plot);
   0120 C5            [11]  263 	push	bc
   0121 D5            [11]  264 	push	de
   0122 C5            [11]  265 	push	bc
   0123 D5            [11]  266 	push	de
   0124 E5            [11]  267 	push	hl
   0125 33            [ 6]  268 	inc	sp
   0126 3E 01         [ 7]  269 	ld	a, #0x01
   0128 F5            [11]  270 	push	af
   0129 33            [ 6]  271 	inc	sp
   012A CDr00r00      [17]  272 	call	_draw_char
   012D F1            [10]  273 	pop	af
   012E F1            [10]  274 	pop	af
   012F F1            [10]  275 	pop	af
   0130 D1            [10]  276 	pop	de
   0131 C1            [10]  277 	pop	bc
   0132 65            [ 4]  278 	ld	h, l
                            279 ;src/txt_scroll_hard.c:114: ce2=draw_char(2,ce2,(u8*)pointeur, plot);
   0133 C5            [11]  280 	push	bc
   0134 D5            [11]  281 	push	de
   0135 C5            [11]  282 	push	bc
   0136 D5            [11]  283 	push	de
   0137 E5            [11]  284 	push	hl
   0138 33            [ 6]  285 	inc	sp
   0139 3E 02         [ 7]  286 	ld	a, #0x02
   013B F5            [11]  287 	push	af
   013C 33            [ 6]  288 	inc	sp
   013D CDr00r00      [17]  289 	call	_draw_char
   0140 F1            [10]  290 	pop	af
   0141 F1            [10]  291 	pop	af
   0142 F1            [10]  292 	pop	af
   0143 D1            [10]  293 	pop	de
   0144 C1            [10]  294 	pop	bc
   0145 65            [ 4]  295 	ld	h, l
                            296 ;src/txt_scroll_hard.c:115: ce2=draw_char(3,ce2,(u8*)pointeur, plot);
   0146 C5            [11]  297 	push	bc
   0147 D5            [11]  298 	push	de
   0148 E5            [11]  299 	push	hl
   0149 33            [ 6]  300 	inc	sp
   014A 3E 03         [ 7]  301 	ld	a, #0x03
   014C F5            [11]  302 	push	af
   014D 33            [ 6]  303 	inc	sp
   014E CDr00r00      [17]  304 	call	_draw_char
   0151 F1            [10]  305 	pop	af
   0152 F1            [10]  306 	pop	af
   0153 F1            [10]  307 	pop	af
                            308 ;src/txt_scroll_hard.c:116: if (ce2==4) {
   0154 7D            [ 4]  309 	ld	a, l
   0155 D6 04         [ 7]  310 	sub	a, #0x04
   0157 20 0D         [12]  311 	jr	NZ,00105$
                            312 ;src/txt_scroll_hard.c:118: plot_screen2=0x8000;
   0159 21 00 80      [10]  313 	ld	hl, #0x8000
   015C 22r00r00      [16]  314 	ld	(_plot_screen2), hl
                            315 ;src/txt_scroll_hard.c:119: c_screen3=4;
   015F 21r02r00      [10]  316 	ld	hl,#_c_screen3 + 0
   0162 36 04         [10]  317 	ld	(hl), #0x04
   0164 18 16         [12]  318 	jr	00107$
   0166                     319 00105$:
                            320 ;src/txt_scroll_hard.c:121: plot_screen2+=2;
   0166 21r00r00      [10]  321 	ld	hl, #_plot_screen2
   0169 7E            [ 7]  322 	ld	a, (hl)
   016A C6 02         [ 7]  323 	add	a, #0x02
   016C 77            [ 7]  324 	ld	(hl), a
   016D 23            [ 6]  325 	inc	hl
   016E 7E            [ 7]  326 	ld	a, (hl)
   016F CE 00         [ 7]  327 	adc	a, #0x00
   0171 77            [ 7]  328 	ld	(hl), a
                            329 ;src/txt_scroll_hard.c:122: plot_screen2=(u8 *)(((u16)plot_screen2) & 0x87FF);
   0172 2Ar00r00      [16]  330 	ld	hl, (_plot_screen2)
   0175 7C            [ 4]  331 	ld	a, h
   0176 E6 87         [ 7]  332 	and	a, #0x87
   0178 67            [ 4]  333 	ld	h, a
   0179 22r00r00      [16]  334 	ld	(_plot_screen2), hl
   017C                     335 00107$:
   017C DD F9         [10]  336 	ld	sp, ix
   017E DD E1         [14]  337 	pop	ix
   0180 C9            [10]  338 	ret
   0181                     339 _texte:
   0181 57 45 20 57 49 53   340 	.ascii "WE WISH YOU A MERRY CHRISTMAS WE WISH YOU A MERRY CHRISTMAS "
        48 20 59 4F 55 20
        41 20 4D 45 52 52
        59 20 43 48 52 49
        53 54 4D 41 53 20
        57 45 20 57 49 53
        48 20 59 4F 55 20
        41 20 4D 45 52 52
        59 20 43 48 52 49
        53 54 4D 41 53 20
   01BD 41 4E 44 20 41 20   341 	.ascii "AND A HAPPY NEW YEAR FROM THSF AND TETALAB      AZERTYUIOPQS"
        48 41 50 50 59 20
        4E 45 57 20 59 45
        41 52 20 46 52 4F
        4D 20 54 48 53 46
        20 41 4E 44 20 54
        45 54 41 4C 41 42
        20 20 20 20 20 20
        41 5A 45 52 54 59
        55 49 4F 50 51 53
   01F9 44 46 47 20 20 20   342 	.ascii "DFG     "
        20 20
   0201 00                  343 	.db 0x00
   0202 00                  344 	.db 0x00
                            345 	.area _CODE
                            346 	.area _INITIALIZER
   0000                     347 __xinit__firstPlotScreen2:
   0000 01                  348 	.db #0x01	; 1
                            349 	.area _CABS (ABS)
