                              1 ;--------------------------------------------------------
                              2 ; File Created by SDCC : free open source ANSI-C Compiler
                              3 ; Version 3.6.8 #9946 (Linux)
                              4 ;--------------------------------------------------------
                              5 	.module txt_scroll
                              6 	.optsdcc -mz80
                              7 	
                              8 ;--------------------------------------------------------
                              9 ; Public variables in this module
                             10 ;--------------------------------------------------------
                             11 	.globl _rupture
                             12 	.globl _restoreVBL
                             13 	.globl _killVBL
                             14 	.globl _scroll
                             15 	.globl _cpct_getScreenPtr
                             16 	.globl _cpct_drawSprite
                             17 	.globl _vblPosition
                             18 ;--------------------------------------------------------
                             19 ; special function registers
                             20 ;--------------------------------------------------------
                             21 ;--------------------------------------------------------
                             22 ; ram data
                             23 ;--------------------------------------------------------
                             24 	.area _DATA
                             25 ;--------------------------------------------------------
                             26 ; ram data
                             27 ;--------------------------------------------------------
                             28 	.area _INITIALIZED
   0000                      29 _vblPosition::
   0000                      30 	.ds 2
                             31 ;--------------------------------------------------------
                             32 ; absolute external ram data
                             33 ;--------------------------------------------------------
                             34 	.area _DABS (ABS)
                             35 ;--------------------------------------------------------
                             36 ; global & static initialisations
                             37 ;--------------------------------------------------------
                             38 	.area _HOME
                             39 	.area _GSINIT
                             40 	.area _GSFINAL
                             41 	.area _GSINIT
                             42 ;--------------------------------------------------------
                             43 ; Home
                             44 ;--------------------------------------------------------
                             45 	.area _HOME
                             46 	.area _HOME
                             47 ;--------------------------------------------------------
                             48 ; code
                             49 ;--------------------------------------------------------
                             50 	.area _CODE
                             51 ;src/txt_scroll.c:11: void scroll(char * texte, unsigned int l, int step) {
                             52 ;	---------------------------------
                             53 ; Function scroll
                             54 ; ---------------------------------
   0000                      55 _scroll::
   0000 DD E5         [15]   56 	push	ix
   0002 DD 21 00 00   [14]   57 	ld	ix,#0
   0006 DD 39         [15]   58 	add	ix,sp
   0008 F5            [11]   59 	push	af
   0009 F5            [11]   60 	push	af
                             61 ;src/txt_scroll.c:18: c2=step+SCREEN_WIDTH; // on insère du vide au début de step
   000A DD 7E 08      [19]   62 	ld	a, 8 (ix)
   000D C6 50         [ 7]   63 	add	a, #0x50
   000F 4F            [ 4]   64 	ld	c, a
   0010 DD 7E 09      [19]   65 	ld	a, 9 (ix)
   0013 CE 00         [ 7]   66 	adc	a, #0x00
   0015 47            [ 4]   67 	ld	b, a
                             68 ;src/txt_scroll.c:20: for(c1=0;c1<=(SCREEN_WIDTH-G_TILE_FONTMAP20X22_00_W);c1=c1+1) {
   0016 DD 5E 06      [19]   69 	ld	e,6 (ix)
   0019 DD 56 07      [19]   70 	ld	d,7 (ix)
   001C 6B            [ 4]   71 	ld	l, e
   001D 62            [ 4]   72 	ld	h, d
   001E 29            [11]   73 	add	hl, hl
   001F 29            [11]   74 	add	hl, hl
   0020 19            [11]   75 	add	hl, de
   0021 29            [11]   76 	add	hl, hl
   0022 DD 75 FE      [19]   77 	ld	-2 (ix), l
   0025 DD 74 FF      [19]   78 	ld	-1 (ix), h
   0028 21 00 00      [10]   79 	ld	hl, #0x0000
   002B E3            [19]   80 	ex	(sp), hl
   002C                      81 00111$:
                             82 ;src/txt_scroll.c:22: c2=c2+1;
   002C 03            [ 6]   83 	inc	bc
                             84 ;src/txt_scroll.c:24: if (c2 < 0) {continue;}
   002D CB 78         [ 8]   85 	bit	7, b
   002F 20 6E         [12]   86 	jr	NZ,00109$
                             87 ;src/txt_scroll.c:25: if (c2 > l*G_TILE_FONTMAP20X22_00_W) {continue;}
   0031 59            [ 4]   88 	ld	e, c
   0032 50            [ 4]   89 	ld	d, b
   0033 DD 7E FE      [19]   90 	ld	a, -2 (ix)
   0036 93            [ 4]   91 	sub	a, e
   0037 DD 7E FF      [19]   92 	ld	a, -1 (ix)
   003A 9A            [ 4]   93 	sbc	a, d
   003B 38 62         [12]   94 	jr	C,00109$
                             95 ;src/txt_scroll.c:27: div=c2/G_TILE_FONTMAP20X22_00_W;
   003D C5            [11]   96 	push	bc
   003E 21 0A 00      [10]   97 	ld	hl, #0x000a
   0041 E5            [11]   98 	push	hl
   0042 C5            [11]   99 	push	bc
   0043 CDr00r00      [17]  100 	call	__divsint
   0046 F1            [10]  101 	pop	af
   0047 F1            [10]  102 	pop	af
   0048 EB            [ 4]  103 	ex	de,hl
   0049 C1            [10]  104 	pop	bc
                            105 ;src/txt_scroll.c:28: mod=c2%G_TILE_FONTMAP20X22_00_W;
   004A C5            [11]  106 	push	bc
   004B D5            [11]  107 	push	de
   004C 21 0A 00      [10]  108 	ld	hl, #0x000a
   004F E5            [11]  109 	push	hl
   0050 C5            [11]  110 	push	bc
                            111 ;src/txt_scroll.c:29: if (mod==0) {
   0051 CDr00r00      [17]  112 	call	__modsint
   0054 F1            [10]  113 	pop	af
   0055 F1            [10]  114 	pop	af
   0056 D1            [10]  115 	pop	de
   0057 C1            [10]  116 	pop	bc
   0058 7C            [ 4]  117 	ld	a, h
   0059 B5            [ 4]  118 	or	a,l
   005A 20 43         [12]  119 	jr	NZ,00109$
                            120 ;src/txt_scroll.c:30: if (texte[div]!=' ') { // on zap les espaces FIXME mauvais pour le timing !
   005C DD 6E 04      [19]  121 	ld	l,4 (ix)
   005F DD 66 05      [19]  122 	ld	h,5 (ix)
   0062 19            [11]  123 	add	hl, de
   0063 5E            [ 7]  124 	ld	e, (hl)
   0064 7B            [ 4]  125 	ld	a, e
   0065 D6 20         [ 7]  126 	sub	a, #0x20
   0067 28 36         [12]  127 	jr	Z,00109$
                            128 ;src/txt_scroll.c:31: o=texte[div]-'A';
   0069 16 00         [ 7]  129 	ld	d, #0x00
   006B 7B            [ 4]  130 	ld	a, e
   006C C6 BF         [ 7]  131 	add	a, #0xbf
   006E 5F            [ 4]  132 	ld	e, a
   006F 7A            [ 4]  133 	ld	a, d
   0070 CE FF         [ 7]  134 	adc	a, #0xff
   0072 57            [ 4]  135 	ld	d, a
                            136 ;src/txt_scroll.c:33: p = cpct_getScreenPtr(CPCT_VMEM_START, c1,120-1);
   0073 DD 66 FC      [19]  137 	ld	h, -4 (ix)
   0076 C5            [11]  138 	push	bc
   0077 D5            [11]  139 	push	de
   0078 3E 77         [ 7]  140 	ld	a, #0x77
   007A F5            [11]  141 	push	af
   007B 33            [ 6]  142 	inc	sp
   007C E5            [11]  143 	push	hl
   007D 33            [ 6]  144 	inc	sp
   007E 21 00 C0      [10]  145 	ld	hl, #0xc000
   0081 E5            [11]  146 	push	hl
   0082 CDr00r00      [17]  147 	call	_cpct_getScreenPtr
   0085 D1            [10]  148 	pop	de
   0086 C1            [10]  149 	pop	bc
                            150 ;src/txt_scroll.c:34: cpct_drawSprite(g_tile_tileset[o], p, G_TILE_FONTMAP20X22_00_W, G_TILE_FONTMAP20X22_00_H);
   0087 E5            [11]  151 	push	hl
   0088 FD E1         [14]  152 	pop	iy
   008A EB            [ 4]  153 	ex	de,hl
   008B 29            [11]  154 	add	hl, hl
   008C 11r00r00      [10]  155 	ld	de, #_g_tile_tileset
   008F 19            [11]  156 	add	hl, de
   0090 5E            [ 7]  157 	ld	e, (hl)
   0091 23            [ 6]  158 	inc	hl
   0092 56            [ 7]  159 	ld	d, (hl)
   0093 C5            [11]  160 	push	bc
   0094 21 0A 16      [10]  161 	ld	hl, #0x160a
   0097 E5            [11]  162 	push	hl
   0098 FD E5         [15]  163 	push	iy
   009A D5            [11]  164 	push	de
   009B CDr00r00      [17]  165 	call	_cpct_drawSprite
   009E C1            [10]  166 	pop	bc
   009F                     167 00109$:
                            168 ;src/txt_scroll.c:20: for(c1=0;c1<=(SCREEN_WIDTH-G_TILE_FONTMAP20X22_00_W);c1=c1+1) {
   009F DD 34 FC      [23]  169 	inc	-4 (ix)
   00A2 20 03         [12]  170 	jr	NZ,00136$
   00A4 DD 34 FD      [23]  171 	inc	-3 (ix)
   00A7                     172 00136$:
   00A7 3E 46         [ 7]  173 	ld	a, #0x46
   00A9 DD BE FC      [19]  174 	cp	a, -4 (ix)
   00AC 3E 00         [ 7]  175 	ld	a, #0x00
   00AE DD 9E FD      [19]  176 	sbc	a, -3 (ix)
   00B1 E2rB6r00      [10]  177 	jp	PO, 00137$
   00B4 EE 80         [ 7]  178 	xor	a, #0x80
   00B6                     179 00137$:
   00B6 F2r2Cr00      [10]  180 	jp	P, 00111$
   00B9 DD F9         [10]  181 	ld	sp, ix
   00BB DD E1         [14]  182 	pop	ix
   00BD C9            [10]  183 	ret
                            184 ;src/txt_scroll.c:45: void killVBL() {
                            185 ;	---------------------------------
                            186 ; Function killVBL
                            187 ; ---------------------------------
   00BE                     188 _killVBL::
                            189 ;src/txt_scroll.c:52: __endasm;
   00BE 01 07 BC      [10]  190 	ld	bc,#0xbc07 ; Kill VBL
   00C1 3E 7F         [ 7]  191 	ld	a,#0x7f
   00C3 ED 49         [12]  192 	out	(c),c
   00C5 04            [ 4]  193 	inc	b
   00C6 ED 79         [12]  194 	out	(c),a
                            195 ;src/txt_scroll.c:53: vblPosition=37;
   00C8 21 25 00      [10]  196 	ld	hl, #0x0025
   00CB 22r00r00      [16]  197 	ld	(_vblPosition), hl
   00CE C9            [10]  198 	ret
                            199 ;src/txt_scroll.c:56: void restoreVBL() {
                            200 ;	---------------------------------
                            201 ; Function restoreVBL
                            202 ; ---------------------------------
   00CF                     203 _restoreVBL::
                            204 ;src/txt_scroll.c:63: __endasm;
   00CF 01 07 BC      [10]  205 	ld	bc,#0xbc07 ; On repositionne la VBL
   00D2 3Ar00r00      [13]  206 	ld	a,(_vblPosition)
   00D5 ED 49         [12]  207 	out	(c),c
   00D7 04            [ 4]  208 	inc	b
   00D8 ED 79         [12]  209 	out	(c),a
   00DA C9            [10]  210 	ret
                            211 ;src/txt_scroll.c:69: void rupture(unsigned char nbCharLigne) {
                            212 ;	---------------------------------
                            213 ; Function rupture
                            214 ; ---------------------------------
   00DB                     215 _rupture::
                            216 ;src/txt_scroll.c:80: __endasm;
   00DB 01 04 BC      [10]  217 	ld	bc,#0xbc04 ; Rupture 1
                            218 ;;ld	a,(_nbCharLigne)
   00DE 21 02 00      [10]  219 	ld	hl, #2+0
   00E1 39            [11]  220 	add	hl, sp
   00E2 7E            [ 7]  221 	ld	a, (hl)
   00E3 3D            [ 4]  222 	dec	a
   00E4 ED 49         [12]  223 	out	(c),c
   00E6 04            [ 4]  224 	inc	b
   00E7 ED 79         [12]  225 	out	(c),a
                            226 ;src/txt_scroll.c:81: vblPosition=vblPosition-nbCharLigne;
   00E9 21 02 00      [10]  227 	ld	hl, #2+0
   00EC 39            [11]  228 	add	hl, sp
   00ED 4E            [ 7]  229 	ld	c, (hl)
   00EE 06 00         [ 7]  230 	ld	b, #0x00
   00F0 21r00r00      [10]  231 	ld	hl, #_vblPosition
   00F3 7E            [ 7]  232 	ld	a, (hl)
   00F4 91            [ 4]  233 	sub	a, c
   00F5 77            [ 7]  234 	ld	(hl), a
   00F6 23            [ 6]  235 	inc	hl
   00F7 7E            [ 7]  236 	ld	a, (hl)
   00F8 98            [ 4]  237 	sbc	a, b
   00F9 77            [ 7]  238 	ld	(hl), a
   00FA C9            [10]  239 	ret
                            240 	.area _CODE
                            241 	.area _INITIALIZER
   0000                     242 __xinit__vblPosition:
   0000 00 00               243 	.dw #0x0000
                            244 	.area _CABS (ABS)
